<?xml version="1.0" encoding="UTF-8"?>
<robot generator="Robot 6.0.2 (Python 3.11.3 on darwin)" generated="20230613 21:27:30.278" rpa="false" schemaversion="3">
<suite id="s1" name="workshopMobile" source="/Users/livinginsider/Automate/workshopMobile.robot">
<test id="s1-t1" name="TC - Open Setting airplane mode" line="64">
<kw name="Open App Setting">
<doc>เปิดแอป Setting</doc>
<kw name="Open Application" library="AppiumLibrary">
<arg>${RemoteUrl}</arg>
<arg>platformName=${platformName}</arg>
<arg>platformVersion=${platformVersion}</arg>
<arg>deviceName=${deviceName}</arg>
<arg>automationName=UiAutomator2</arg>
<arg>newCommandTimeout=2500</arg>
<arg>appPackage=${appPackage}</arg>
<arg>appActivity=${appActivity}</arg>
<doc>Opens a new application to given Appium server.
Capabilities of appium server, Android and iOS,
Please check https://github.com/appium/appium/blob/master/docs/en/writing-running-appium/server-args.md
| *Option*            | *Man.* | *Description*     |
| remote_url          | Yes    | Appium server url |
| alias               | no     | alias             |
| strict_ssl          | No     | allows you to send commands to an invalid certificate host like a self-signed one. |</doc>
<status status="PASS" starttime="20230613 21:27:30.343" endtime="20230613 21:27:34.706"/>
</kw>
<status status="PASS" starttime="20230613 21:27:30.343" endtime="20230613 21:27:34.706"/>
</kw>
<kw name="Search">
<doc>ค้นหาคำว่า "Network"</doc>
<kw name="Wait Until Page Contains" library="AppiumLibrary">
<arg>Settings</arg>
<doc>Waits until `text` appears on current page.</doc>
<status status="PASS" starttime="20230613 21:27:34.707" endtime="20230613 21:27:35.381"/>
</kw>
<kw name="Wait Until Element Is Visible" library="AppiumLibrary">
<arg>${locator_search}</arg>
<doc>Waits until element specified with `locator` is visible.</doc>
<msg timestamp="20230613 21:27:35.446" level="INFO">criteria is com.android.settings:id/search_action_bar_title</msg>
<status status="PASS" starttime="20230613 21:27:35.381" endtime="20230613 21:27:35.446"/>
</kw>
<kw name="Tap" library="AppiumLibrary">
<arg>${locator_search}</arg>
<doc>*DEPRECATED!!* Since selenium v4, use `Tap With Positions` keyword.</doc>
<msg timestamp="20230613 21:27:35.447" level="WARN">Keyword 'AppiumLibrary.Tap' is deprecated. Since selenium v4, use `Tap With Positions` keyword.</msg>
<msg timestamp="20230613 21:27:35.628" level="INFO">criteria is com.android.settings:id/search_action_bar_title</msg>
<status status="PASS" starttime="20230613 21:27:35.447" endtime="20230613 21:27:35.628"/>
</kw>
<kw name="Wait Until Page Contains" library="AppiumLibrary">
<arg>Search settings</arg>
<doc>Waits until `text` appears on current page.</doc>
<status status="PASS" starttime="20230613 21:27:35.628" endtime="20230613 21:27:37.105"/>
</kw>
<kw name="Wait Until Page Contains Element" library="AppiumLibrary">
<arg>${locator_search_text}</arg>
<arg>3s</arg>
<doc>Waits until element specified with `locator` appears on current page.</doc>
<msg timestamp="20230613 21:27:37.143" level="INFO">criteria is com.google.android.settings.intelligence:id/open_search_view_edit_text</msg>
<status status="PASS" starttime="20230613 21:27:37.105" endtime="20230613 21:27:37.143"/>
</kw>
<kw name="Input Text" library="AppiumLibrary">
<arg>${locator_search_text}</arg>
<arg>Network</arg>
<doc>Types the given `text` into text field identified by `locator`.</doc>
<msg timestamp="20230613 21:27:37.146" level="INFO">Typing text 'Network' into text field 'id=com.google.android.settings.intelligence:id/open_search_view_edit_text'</msg>
<msg timestamp="20230613 21:27:37.232" level="INFO">criteria is com.google.android.settings.intelligence:id/open_search_view_edit_text</msg>
<status status="PASS" starttime="20230613 21:27:37.144" endtime="20230613 21:27:37.232"/>
</kw>
<kw name="Wait Until Element Is Visible" library="AppiumLibrary">
<arg>${locator_network_internet}</arg>
<arg>3s</arg>
<doc>Waits until element specified with `locator` is visible.</doc>
<msg timestamp="20230613 21:27:38.404" level="INFO">xpath criteria: /hierarchy/android.widget.FrameLayout/android.widget.LinearLayout/android.widget.FrameLayout/android.widget.LinearLayout/android.widget.FrameLayout/android.widget.FrameLayout/android.widget.FrameLayout/android.widget.FrameLayout/android.widget.FrameLayout/android.widget.LinearLayout/android.widget.FrameLayout[2]/android.widget.ScrollView/android.widget.LinearLayout/android.widget.ScrollView/android.widget.LinearLayout/android.widget.FrameLayout/android.support.v7.widget.RecyclerView/android.widget.LinearLayout[2]/android.widget.LinearLayout</msg>
<status status="PASS" starttime="20230613 21:27:37.233" endtime="20230613 21:27:38.404"/>
</kw>
<kw name="Tap" library="AppiumLibrary">
<arg>${locator_network_internet}</arg>
<doc>*DEPRECATED!!* Since selenium v4, use `Tap With Positions` keyword.</doc>
<msg timestamp="20230613 21:27:38.404" level="WARN">Keyword 'AppiumLibrary.Tap' is deprecated. Since selenium v4, use `Tap With Positions` keyword.</msg>
<msg timestamp="20230613 21:27:38.590" level="INFO">xpath criteria: /hierarchy/android.widget.FrameLayout/android.widget.LinearLayout/android.widget.FrameLayout/android.widget.LinearLayout/android.widget.FrameLayout/android.widget.FrameLayout/android.widget.FrameLayout/android.widget.FrameLayout/android.widget.FrameLayout/android.widget.LinearLayout/android.widget.FrameLayout[2]/android.widget.ScrollView/android.widget.LinearLayout/android.widget.ScrollView/android.widget.LinearLayout/android.widget.FrameLayout/android.support.v7.widget.RecyclerView/android.widget.LinearLayout[2]/android.widget.LinearLayout</msg>
<status status="PASS" starttime="20230613 21:27:38.404" endtime="20230613 21:27:38.590"/>
</kw>
<status status="PASS" starttime="20230613 21:27:34.707" endtime="20230613 21:27:38.590"/>
</kw>
<kw name="Click Switch Airplane">
<doc>กดสวิชเปิดโหมดเครื่องบิน</doc>
<kw name="Wait Until Page Contains Element" library="AppiumLibrary">
<arg>${locator_airplane_switch}</arg>
<arg>3s</arg>
<doc>Waits until element specified with `locator` appears on current page.</doc>
<msg timestamp="20230613 21:27:40.793" level="INFO">criteria is android:id/switch_widget
criteria is android:id/switch_widget</msg>
<status status="PASS" starttime="20230613 21:27:38.591" endtime="20230613 21:27:40.794"/>
</kw>
<kw name="Click Element" library="AppiumLibrary">
<arg>${locator_airplane_switch}</arg>
<doc>Click element identified by `locator`.</doc>
<msg timestamp="20230613 21:27:40.796" level="INFO">Clicking element 'id=android:id/switch_widget'.</msg>
<msg timestamp="20230613 21:27:40.894" level="INFO">criteria is android:id/switch_widget</msg>
<status status="PASS" starttime="20230613 21:27:40.794" endtime="20230613 21:27:40.894"/>
</kw>
<status status="PASS" starttime="20230613 21:27:38.591" endtime="20230613 21:27:40.894"/>
</kw>
<kw name="Click Back to Home">
<doc>กลับหน้าหลัก</doc>
<kw name="Wait Until Element Is Visible" library="AppiumLibrary">
<arg>${locator_btn_back1}</arg>
<arg>3s</arg>
<doc>Waits until element specified with `locator` is visible.</doc>
<msg timestamp="20230613 21:27:41.989" level="INFO">xpath criteria: //android.widget.ImageButton[@content-desc="Navigate up"]</msg>
<status status="PASS" starttime="20230613 21:27:40.894" endtime="20230613 21:27:41.989"/>
</kw>
<kw name="Tap" library="AppiumLibrary">
<arg>${locator_btn_back1}</arg>
<doc>*DEPRECATED!!* Since selenium v4, use `Tap With Positions` keyword.</doc>
<msg timestamp="20230613 21:27:41.990" level="WARN">Keyword 'AppiumLibrary.Tap' is deprecated. Since selenium v4, use `Tap With Positions` keyword.</msg>
<msg timestamp="20230613 21:27:42.230" level="INFO">xpath criteria: //android.widget.ImageButton[@content-desc="Navigate up"]</msg>
<status status="PASS" starttime="20230613 21:27:41.990" endtime="20230613 21:27:42.230"/>
</kw>
<kw name="Wait Until Element Is Visible" library="AppiumLibrary">
<arg>${locator_btn_back2}</arg>
<arg>3s</arg>
<doc>Waits until element specified with `locator` is visible.</doc>
<msg timestamp="20230613 21:27:43.318" level="INFO">xpath criteria: //android.widget.ImageButton[@content-desc="Back"]
xpath criteria: //android.widget.ImageButton[@content-desc="Back"]</msg>
<status status="PASS" starttime="20230613 21:27:42.231" endtime="20230613 21:27:43.319"/>
</kw>
<kw name="Tap" library="AppiumLibrary">
<arg>${locator_btn_back2}</arg>
<doc>*DEPRECATED!!* Since selenium v4, use `Tap With Positions` keyword.</doc>
<msg timestamp="20230613 21:27:43.319" level="WARN">Keyword 'AppiumLibrary.Tap' is deprecated. Since selenium v4, use `Tap With Positions` keyword.</msg>
<msg timestamp="20230613 21:27:44.604" level="INFO">xpath criteria: //android.widget.ImageButton[@content-desc="Back"]</msg>
<status status="PASS" starttime="20230613 21:27:43.319" endtime="20230613 21:27:44.605"/>
</kw>
<kw name="Wait Until Page Contains" library="AppiumLibrary">
<arg>Settings</arg>
<arg>3s</arg>
<doc>Waits until `text` appears on current page.</doc>
<status status="PASS" starttime="20230613 21:27:44.605" endtime="20230613 21:27:44.679"/>
</kw>
<status status="PASS" starttime="20230613 21:27:40.894" endtime="20230613 21:27:44.679"/>
</kw>
<kw name="Swipe" library="AppiumLibrary">
<arg>500</arg>
<arg>1000</arg>
<arg>500</arg>
<arg>400</arg>
<doc>Swipe from one point to another point, for an optional duration.</doc>
<status status="PASS" starttime="20230613 21:27:44.680" endtime="20230613 21:27:45.982"/>
</kw>
<kw name="Click Select Battery">
<doc>เลือก Battery</doc>
<kw name="Wait Until Page Contains" library="AppiumLibrary">
<arg>Battery</arg>
<doc>Waits until `text` appears on current page.</doc>
<status status="PASS" starttime="20230613 21:27:45.982" endtime="20230613 21:27:46.819"/>
</kw>
<kw name="Tap" library="AppiumLibrary">
<arg>${locator_battery}</arg>
<doc>*DEPRECATED!!* Since selenium v4, use `Tap With Positions` keyword.</doc>
<msg timestamp="20230613 21:27:46.819" level="WARN">Keyword 'AppiumLibrary.Tap' is deprecated. Since selenium v4, use `Tap With Positions` keyword.</msg>
<msg timestamp="20230613 21:27:47.007" level="INFO">xpath criteria: /hierarchy/android.widget.FrameLayout/android.widget.LinearLayout/android.widget.FrameLayout/android.view.ViewGroup/android.widget.ScrollView/android.widget.LinearLayout/android.widget.FrameLayout/android.widget.LinearLayout/android.widget.FrameLayout/androidx.recyclerview.widget.RecyclerView/android.widget.LinearLayout[5]/android.widget.RelativeLayout</msg>
<status status="PASS" starttime="20230613 21:27:46.819" endtime="20230613 21:27:47.007"/>
</kw>
<kw name="Wait Until Page Contains" library="AppiumLibrary">
<arg>Battery</arg>
<doc>Waits until `text` appears on current page.</doc>
<status status="PASS" starttime="20230613 21:27:47.007" endtime="20230613 21:27:47.714"/>
</kw>
<status status="PASS" starttime="20230613 21:27:45.982" endtime="20230613 21:27:47.714"/>
</kw>
<kw name="Close Application" library="AppiumLibrary">
<doc>Closes the current application and also close webdriver session.</doc>
<status status="PASS" starttime="20230613 21:27:47.714" endtime="20230613 21:27:47.964"/>
</kw>
<doc>เปิด - ปิด โหมดเครื่องบิน</doc>
<status status="PASS" starttime="20230613 21:27:30.342" endtime="20230613 21:27:47.964"/>
</test>
<status status="PASS" starttime="20230613 21:27:30.279" endtime="20230613 21:27:47.965"/>
</suite>
<statistics>
<total>
<stat pass="1" fail="0" skip="0">All Tests</stat>
</total>
<tag>
</tag>
<suite>
<stat pass="1" fail="0" skip="0" id="s1" name="workshopMobile">workshopMobile</stat>
</suite>
</statistics>
<errors>
<msg timestamp="20230613 21:27:35.447" level="WARN">Keyword 'AppiumLibrary.Tap' is deprecated. Since selenium v4, use `Tap With Positions` keyword.</msg>
<msg timestamp="20230613 21:27:38.404" level="WARN">Keyword 'AppiumLibrary.Tap' is deprecated. Since selenium v4, use `Tap With Positions` keyword.</msg>
<msg timestamp="20230613 21:27:41.990" level="WARN">Keyword 'AppiumLibrary.Tap' is deprecated. Since selenium v4, use `Tap With Positions` keyword.</msg>
<msg timestamp="20230613 21:27:43.319" level="WARN">Keyword 'AppiumLibrary.Tap' is deprecated. Since selenium v4, use `Tap With Positions` keyword.</msg>
<msg timestamp="20230613 21:27:46.819" level="WARN">Keyword 'AppiumLibrary.Tap' is deprecated. Since selenium v4, use `Tap With Positions` keyword.</msg>
</errors>
</robot>
