<?xml version="1.0" encoding="UTF-8"?>
<robot generator="Robot 6.0.2 (Python 3.11.3 on darwin)" generated="20230609 00:17:48.478" rpa="false" schemaversion="3">
<suite id="s1" name="workshopMobile" source="/Users/livinginsider/Automate/workshopMobile.robot">
<test id="s1-t1" name="TC - Open Setting airplane mode" line="56">
<kw name="Open App Setting">
<doc>เปิดแอป Setting</doc>
<kw name="Open Application" library="AppiumLibrary">
<arg>${RemoteUrl}</arg>
<arg>platformName=${platformName}</arg>
<arg>platformVersion=${platformVersion}</arg>
<arg>deviceName=${deviceName}</arg>
<arg>automationName=UiAutomator2</arg>
<arg>newCommandTimeout=2500</arg>
<arg>appPackage=${appPackage}</arg>
<arg>appActivity=${appActivity}</arg>
<doc>Opens a new application to given Appium server.
Capabilities of appium server, Android and iOS,
Please check https://github.com/appium/appium/blob/master/docs/en/writing-running-appium/server-args.md
| *Option*            | *Man.* | *Description*     |
| remote_url          | Yes    | Appium server url |
| alias               | no     | alias             |
| strict_ssl          | No     | allows you to send commands to an invalid certificate host like a self-signed one. |</doc>
<status status="PASS" starttime="20230609 00:17:48.554" endtime="20230609 00:17:53.015"/>
</kw>
<status status="PASS" starttime="20230609 00:17:48.554" endtime="20230609 00:17:53.016"/>
</kw>
<kw name="Search">
<doc>ค้นหาคำว่า "Network"</doc>
<kw name="Wait Until Page Contains" library="AppiumLibrary">
<arg>Settings</arg>
<doc>Waits until `text` appears on current page.</doc>
<status status="PASS" starttime="20230609 00:17:53.016" endtime="20230609 00:17:53.663"/>
</kw>
<kw name="Wait Until Element Is Visible" library="AppiumLibrary">
<arg>${locator_search}</arg>
<doc>Waits until element specified with `locator` is visible.</doc>
<msg timestamp="20230609 00:17:53.723" level="INFO">criteria is com.android.settings:id/search_action_bar_title</msg>
<status status="PASS" starttime="20230609 00:17:53.663" endtime="20230609 00:17:53.723"/>
</kw>
<kw name="Click Element" library="AppiumLibrary">
<arg>${locator_search}</arg>
<doc>Click element identified by `locator`.</doc>
<msg timestamp="20230609 00:17:53.725" level="INFO">Clicking element 'id=com.android.settings:id/search_action_bar_title'.</msg>
<msg timestamp="20230609 00:17:53.783" level="INFO">criteria is com.android.settings:id/search_action_bar_title</msg>
<status status="PASS" starttime="20230609 00:17:53.723" endtime="20230609 00:17:53.783"/>
</kw>
<kw name="Wait Until Page Contains" library="AppiumLibrary">
<arg>Search settings</arg>
<doc>Waits until `text` appears on current page.</doc>
<status status="PASS" starttime="20230609 00:17:53.784" endtime="20230609 00:17:53.844"/>
</kw>
<kw name="Wait Until Page Contains Element" library="AppiumLibrary">
<arg>${locator_search_text}</arg>
<arg>3s</arg>
<doc>Waits until element specified with `locator` appears on current page.</doc>
<msg timestamp="20230609 00:17:55.202" level="INFO">criteria is com.google.android.settings.intelligence:id/open_search_view_edit_text</msg>
<status status="PASS" starttime="20230609 00:17:53.844" endtime="20230609 00:17:55.202"/>
</kw>
<kw name="Input Text" library="AppiumLibrary">
<arg>${locator_search_text}</arg>
<arg>Network</arg>
<doc>Types the given `text` into text field identified by `locator`.</doc>
<msg timestamp="20230609 00:17:55.207" level="INFO">Typing text 'Network' into text field 'id=com.google.android.settings.intelligence:id/open_search_view_edit_text'</msg>
<msg timestamp="20230609 00:17:55.287" level="INFO">criteria is com.google.android.settings.intelligence:id/open_search_view_edit_text</msg>
<status status="PASS" starttime="20230609 00:17:55.203" endtime="20230609 00:17:55.287"/>
</kw>
<kw name="Wait Until Element Is Visible" library="AppiumLibrary">
<arg>${locator_network_internet}</arg>
<arg>3s</arg>
<doc>Waits until element specified with `locator` is visible.</doc>
<msg timestamp="20230609 00:17:56.180" level="INFO">xpath criteria: /hierarchy/android.widget.FrameLayout/android.widget.LinearLayout/android.widget.FrameLayout/android.widget.LinearLayout/android.widget.FrameLayout/android.widget.FrameLayout/android.widget.FrameLayout/android.widget.FrameLayout/android.widget.FrameLayout/android.widget.LinearLayout/android.widget.FrameLayout[2]/android.widget.ScrollView/android.widget.LinearLayout/android.widget.ScrollView/android.widget.LinearLayout/android.widget.FrameLayout/android.support.v7.widget.RecyclerView/android.widget.LinearLayout[2]/android.widget.LinearLayout</msg>
<status status="PASS" starttime="20230609 00:17:55.288" endtime="20230609 00:17:56.180"/>
</kw>
<kw name="Tap" library="AppiumLibrary">
<arg>${locator_network_internet}</arg>
<doc>*DEPRECATED!!* Since selenium v4, use `Tap With Positions` keyword.</doc>
<msg timestamp="20230609 00:17:56.180" level="WARN">Keyword 'AppiumLibrary.Tap' is deprecated. Since selenium v4, use `Tap With Positions` keyword.</msg>
<msg timestamp="20230609 00:17:56.369" level="INFO">xpath criteria: /hierarchy/android.widget.FrameLayout/android.widget.LinearLayout/android.widget.FrameLayout/android.widget.LinearLayout/android.widget.FrameLayout/android.widget.FrameLayout/android.widget.FrameLayout/android.widget.FrameLayout/android.widget.FrameLayout/android.widget.LinearLayout/android.widget.FrameLayout[2]/android.widget.ScrollView/android.widget.LinearLayout/android.widget.ScrollView/android.widget.LinearLayout/android.widget.FrameLayout/android.support.v7.widget.RecyclerView/android.widget.LinearLayout[2]/android.widget.LinearLayout</msg>
<status status="PASS" starttime="20230609 00:17:56.180" endtime="20230609 00:17:56.369"/>
</kw>
<status status="PASS" starttime="20230609 00:17:53.016" endtime="20230609 00:17:56.369"/>
</kw>
<kw name="Click Switch Airplane">
<doc>กดสวิชเปิดโหมดเครื่องบิน</doc>
<kw name="Wait Until Page Contains Element" library="AppiumLibrary">
<arg>${locator_airplane_switch}</arg>
<arg>3s</arg>
<doc>Waits until element specified with `locator` appears on current page.</doc>
<msg timestamp="20230609 00:17:57.152" level="INFO">criteria is android:id/switch_widget</msg>
<status status="PASS" starttime="20230609 00:17:56.370" endtime="20230609 00:17:57.152"/>
</kw>
<kw name="Click Element" library="AppiumLibrary">
<arg>${locator_airplane_switch}</arg>
<doc>Click element identified by `locator`.</doc>
<msg timestamp="20230609 00:17:57.156" level="INFO">Clicking element 'id=android:id/switch_widget'.</msg>
<msg timestamp="20230609 00:17:57.235" level="INFO">criteria is android:id/switch_widget</msg>
<status status="PASS" starttime="20230609 00:17:57.153" endtime="20230609 00:17:57.235"/>
</kw>
<status status="PASS" starttime="20230609 00:17:56.369" endtime="20230609 00:17:57.236"/>
</kw>
<kw name="Click Back to Home">
<doc>กลับหน้าหลัก</doc>
<kw name="Wait Until Element Is Visible" library="AppiumLibrary">
<arg>${locator_btn_back1}</arg>
<arg>3s</arg>
<doc>Waits until element specified with `locator` is visible.</doc>
<msg timestamp="20230609 00:17:58.145" level="INFO">xpath criteria: //android.widget.ImageButton[@content-desc="Navigate up"]</msg>
<status status="PASS" starttime="20230609 00:17:57.236" endtime="20230609 00:17:58.145"/>
</kw>
<kw name="Tap" library="AppiumLibrary">
<arg>${locator_btn_back1}</arg>
<doc>*DEPRECATED!!* Since selenium v4, use `Tap With Positions` keyword.</doc>
<msg timestamp="20230609 00:17:58.145" level="WARN">Keyword 'AppiumLibrary.Tap' is deprecated. Since selenium v4, use `Tap With Positions` keyword.</msg>
<msg timestamp="20230609 00:17:58.616" level="INFO">xpath criteria: //android.widget.ImageButton[@content-desc="Navigate up"]</msg>
<status status="PASS" starttime="20230609 00:17:58.145" endtime="20230609 00:17:58.616"/>
</kw>
<kw name="Wait Until Element Is Visible" library="AppiumLibrary">
<arg>${locator_btn_back2}</arg>
<arg>3s</arg>
<doc>Waits until element specified with `locator` is visible.</doc>
<msg timestamp="20230609 00:17:59.768" level="INFO">xpath criteria: //android.widget.ImageButton[@content-desc="Back"]
xpath criteria: //android.widget.ImageButton[@content-desc="Back"]</msg>
<status status="PASS" starttime="20230609 00:17:58.617" endtime="20230609 00:17:59.768"/>
</kw>
<kw name="Tap" library="AppiumLibrary">
<arg>${locator_btn_back2}</arg>
<doc>*DEPRECATED!!* Since selenium v4, use `Tap With Positions` keyword.</doc>
<msg timestamp="20230609 00:17:59.768" level="WARN">Keyword 'AppiumLibrary.Tap' is deprecated. Since selenium v4, use `Tap With Positions` keyword.</msg>
<msg timestamp="20230609 00:17:59.968" level="INFO">xpath criteria: //android.widget.ImageButton[@content-desc="Back"]</msg>
<status status="PASS" starttime="20230609 00:17:59.768" endtime="20230609 00:17:59.968"/>
</kw>
<kw name="Wait Until Page Contains" library="AppiumLibrary">
<arg>Settings</arg>
<arg>3s</arg>
<doc>Waits until `text` appears on current page.</doc>
<status status="PASS" starttime="20230609 00:17:59.968" endtime="20230609 00:18:01.068"/>
</kw>
<kw name="Swipe" library="AppiumLibrary">
<arg>500</arg>
<arg>600</arg>
<arg>500</arg>
<arg>300</arg>
<arg>1500</arg>
<doc>Swipe from one point to another point, for an optional duration.</doc>
<status status="PASS" starttime="20230609 00:18:01.069" endtime="20230609 00:18:02.888"/>
</kw>
<status status="PASS" starttime="20230609 00:17:57.236" endtime="20230609 00:18:02.889"/>
</kw>
<kw name="Close Application" library="AppiumLibrary">
<doc>Closes the current application and also close webdriver session.</doc>
<status status="PASS" starttime="20230609 00:18:02.889" endtime="20230609 00:18:03.158"/>
</kw>
<doc>เปิด - ปิด โหมดเครื่องบิน</doc>
<status status="PASS" starttime="20230609 00:17:48.554" endtime="20230609 00:18:03.159"/>
</test>
<status status="PASS" starttime="20230609 00:17:48.479" endtime="20230609 00:18:03.159"/>
</suite>
<statistics>
<total>
<stat pass="1" fail="0" skip="0">All Tests</stat>
</total>
<tag>
</tag>
<suite>
<stat pass="1" fail="0" skip="0" id="s1" name="workshopMobile">workshopMobile</stat>
</suite>
</statistics>
<errors>
<msg timestamp="20230609 00:17:56.180" level="WARN">Keyword 'AppiumLibrary.Tap' is deprecated. Since selenium v4, use `Tap With Positions` keyword.</msg>
<msg timestamp="20230609 00:17:58.145" level="WARN">Keyword 'AppiumLibrary.Tap' is deprecated. Since selenium v4, use `Tap With Positions` keyword.</msg>
<msg timestamp="20230609 00:17:59.768" level="WARN">Keyword 'AppiumLibrary.Tap' is deprecated. Since selenium v4, use `Tap With Positions` keyword.</msg>
</errors>
</robot>
