<?xml version="1.0" encoding="UTF-8"?>
<robot generator="Robot 6.0.2 (Python 3.11.3 on darwin)" generated="20230604 21:26:11.708" rpa="false" schemaversion="3">
<suite id="s1" name="Teardown" source="/Users/livinginsider/Automate/teardown.robot">
<test id="s1-t1" name="TC-ID09 Login requird field" line="101">
<kw name="open web browser" type="SETUP">
<kw name="Open Browser" library="SeleniumLibrary">
<arg>${url}</arg>
<arg>${browser}</arg>
<doc>Opens a new browser instance to the optional ``url``.</doc>
<msg timestamp="20230604 21:26:11.762" level="INFO">Opening browser 'gc' to base url 'https://automate-test.stpb-digital.com/login/'.</msg>
<msg timestamp="20230604 21:26:11.762" level="INFO">Applicable driver not found; attempting to install with Selenium Manager (Beta)</msg>
<status status="PASS" starttime="20230604 21:26:11.761" endtime="20230604 21:26:13.827"/>
</kw>
<kw name="Maximize Browser Window" library="SeleniumLibrary">
<doc>Maximizes current browser window.</doc>
<status status="PASS" starttime="20230604 21:26:13.827" endtime="20230604 21:26:14.260"/>
</kw>
<status status="PASS" starttime="20230604 21:26:11.761" endtime="20230604 21:26:14.261"/>
</kw>
<kw name="login page empty">
<kw name="Wait Until Element Is Visible" library="SeleniumLibrary">
<arg>${locator_email}</arg>
<doc>Waits until the element ``locator`` is visible.</doc>
<status status="PASS" starttime="20230604 21:26:14.261" endtime="20230604 21:26:14.275"/>
</kw>
<kw name="Wait Until Element Is Visible" library="SeleniumLibrary">
<arg>${locator_password}</arg>
<doc>Waits until the element ``locator`` is visible.</doc>
<status status="PASS" starttime="20230604 21:26:14.275" endtime="20230604 21:26:14.285"/>
</kw>
<kw name="Input Text" library="SeleniumLibrary">
<arg>${locator_email}</arg>
<arg>${empty}</arg>
<doc>Types the given ``text`` into the text field identified by ``locator``.</doc>
<msg timestamp="20230604 21:26:14.286" level="INFO">Typing text '' into text field 'id=email'.</msg>
<status status="PASS" starttime="20230604 21:26:14.285" endtime="20230604 21:26:14.311"/>
</kw>
<kw name="Input Text" library="SeleniumLibrary">
<arg>${locator_password}</arg>
<arg>${empty}</arg>
<doc>Types the given ``text`` into the text field identified by ``locator``.</doc>
<msg timestamp="20230604 21:26:14.311" level="INFO">Typing text '' into text field 'name=password'.</msg>
<status status="PASS" starttime="20230604 21:26:14.311" endtime="20230604 21:26:14.347"/>
</kw>
<kw name="Click Element" library="SeleniumLibrary">
<arg>${locatot_btn_login}</arg>
<doc>Click the element identified by ``locator``.</doc>
<msg timestamp="20230604 21:26:14.348" level="INFO">Clicking element 'id=btn-login'.</msg>
<status status="PASS" starttime="20230604 21:26:14.347" endtime="20230604 21:26:14.380"/>
</kw>
<kw name="Get Text" library="SeleniumLibrary">
<var>${txt}</var>
<arg>${locator_error_msg_email}</arg>
<doc>Returns the text value of the element identified by ``locator``.</doc>
<msg timestamp="20230604 21:26:14.390" level="INFO">${txt} = email is a required field</msg>
<status status="PASS" starttime="20230604 21:26:14.380" endtime="20230604 21:26:14.390"/>
</kw>
<kw name="Should Be Equal As Strings" library="BuiltIn">
<arg>${txt}</arg>
<arg>email is a required field</arg>
<doc>Fails if objects are unequal after converting them to strings.</doc>
<status status="PASS" starttime="20230604 21:26:14.391" endtime="20230604 21:26:14.391"/>
</kw>
<status status="PASS" starttime="20230604 21:26:14.261" endtime="20230604 21:26:14.391"/>
</kw>
<kw name="Close Browser" library="SeleniumLibrary" type="TEARDOWN">
<doc>Closes the current browser.</doc>
<status status="PASS" starttime="20230604 21:26:14.391" endtime="20230604 21:26:14.457"/>
</kw>
<status status="PASS" starttime="20230604 21:26:11.761" endtime="20230604 21:26:14.457"/>
</test>
<test id="s1-t2" name="TC-ID10 Click Hyperlink" line="104">
<kw name="Open Browser" library="SeleniumLibrary">
<arg>https://automate-test.stpb-digital.com/login/</arg>
<arg>gc</arg>
<doc>Opens a new browser instance to the optional ``url``.</doc>
<msg timestamp="20230604 21:26:14.458" level="INFO">Opening browser 'gc' to base url 'https://automate-test.stpb-digital.com/login/'.</msg>
<msg timestamp="20230604 21:26:14.458" level="INFO">Applicable driver not found; attempting to install with Selenium Manager (Beta)</msg>
<status status="PASS" starttime="20230604 21:26:14.458" endtime="20230604 21:26:16.728"/>
</kw>
<kw name="click hyperlink">
<kw name="Click Element" library="SeleniumLibrary">
<arg>${locator_hyperlink}</arg>
<doc>Click the element identified by ``locator``.</doc>
<msg timestamp="20230604 21:26:16.728" level="INFO">Clicking element 'css=#__next &gt; div.layout-wrapper.MuiBox-root.css-33gw4 &gt; div &gt; div &gt; div &gt; div &gt; div &gt; form &gt; div.MuiBox-root.css-z0xj7h &gt; p.MuiTypography-root.MuiTypography-body1.css-azsy9a &gt; a'.</msg>
<status status="PASS" starttime="20230604 21:26:16.728" endtime="20230604 21:26:16.808"/>
</kw>
<kw name="Wait Until Page Contains" library="SeleniumLibrary">
<arg>Kru P' Beam</arg>
<doc>Waits until ``text`` appears on the current page.</doc>
<status status="PASS" starttime="20230604 21:26:16.808" endtime="20230604 21:26:16.813"/>
</kw>
<status status="PASS" starttime="20230604 21:26:16.728" endtime="20230604 21:26:16.813"/>
</kw>
<status status="PASS" starttime="20230604 21:26:14.458" endtime="20230604 21:26:16.813"/>
</test>
<kw name="Set Selenium Speed" library="SeleniumLibrary" type="TEARDOWN">
<arg>0.5</arg>
<doc>Sets the delay that is waited after each Selenium command.</doc>
<status status="PASS" starttime="20230604 21:26:16.813" endtime="20230604 21:26:16.813"/>
</kw>
<status status="PASS" starttime="20230604 21:26:11.708" endtime="20230604 21:26:16.814"/>
</suite>
<statistics>
<total>
<stat pass="2" fail="0" skip="0">All Tests</stat>
</total>
<tag>
</tag>
<suite>
<stat pass="2" fail="0" skip="0" id="s1" name="Teardown">Teardown</stat>
</suite>
</statistics>
<errors>
</errors>
</robot>
