<?xml version="1.0" encoding="UTF-8"?>
<robot generator="Robot 6.0.2 (Python 3.11.3 on darwin)" generated="20230608 13:36:50.335" rpa="false" schemaversion="3">
<suite id="s1" name="Search" source="/Users/livinginsider/Automate/homework3.robot/search.robot">
<kw name="Set Selenium Speed" library="SeleniumLibrary" type="SETUP">
<arg>0.25s</arg>
<doc>Sets the delay that is waited after each Selenium command.</doc>
<status status="PASS" starttime="20230608 13:36:50.391" endtime="20230608 13:36:50.391"/>
</kw>
<test id="s1-t1" name="TC-reset data" line="80">
<kw name="OpenWebBrowser" library="keyword" type="SETUP">
<kw name="Open Browser" library="SeleniumLibrary">
<arg>${url}</arg>
<arg>${browser}</arg>
<doc>Opens a new browser instance to the optional ``url``.</doc>
<msg timestamp="20230608 13:36:50.392" level="INFO">Opening browser 'gc' to base url 'https://automate-test.stpb-digital.com/login/'.</msg>
<msg timestamp="20230608 13:36:50.392" level="INFO">Applicable driver not found; attempting to install with Selenium Manager (Beta)</msg>
<status status="PASS" starttime="20230608 13:36:50.392" endtime="20230608 13:36:53.132"/>
</kw>
<kw name="Maximize Browser Window" library="SeleniumLibrary">
<doc>Maximizes current browser window.</doc>
<status status="PASS" starttime="20230608 13:36:53.133" endtime="20230608 13:36:53.796"/>
</kw>
<kw name="Wait Until Element Is Visible" library="SeleniumLibrary">
<arg>${locator_email}</arg>
<doc>Waits until the element ``locator`` is visible.</doc>
<status status="PASS" starttime="20230608 13:36:53.796" endtime="20230608 13:36:54.340"/>
</kw>
<kw name="Input Text" library="SeleniumLibrary">
<arg>${locator_email}</arg>
<arg>user.test@krupbeam.com</arg>
<doc>Types the given ``text`` into the text field identified by ``locator``.</doc>
<msg timestamp="20230608 13:36:54.343" level="INFO">Typing text 'user.test@krupbeam.com' into text field 'id=email'.</msg>
<status status="PASS" starttime="20230608 13:36:54.341" endtime="20230608 13:36:55.259"/>
</kw>
<kw name="Input Text" library="SeleniumLibrary">
<arg>${locator_password}</arg>
<arg>123456789</arg>
<doc>Types the given ``text`` into the text field identified by ``locator``.</doc>
<msg timestamp="20230608 13:36:55.259" level="INFO">Typing text '123456789' into text field 'name=password'.</msg>
<status status="PASS" starttime="20230608 13:36:55.259" endtime="20230608 13:36:56.110"/>
</kw>
<kw name="Click Element" library="SeleniumLibrary">
<arg>${locatot_btn_login}</arg>
<doc>Click the element identified by ``locator``.</doc>
<msg timestamp="20230608 13:36:56.113" level="INFO">Clicking element 'id=btn-login'.</msg>
<status status="PASS" starttime="20230608 13:36:56.111" endtime="20230608 13:36:56.698"/>
</kw>
<kw name="Wait Until Page Contains" library="SeleniumLibrary">
<arg>Search Filters</arg>
<doc>Waits until ``text`` appears on the current page.</doc>
<status status="PASS" starttime="20230608 13:36:56.699" endtime="20230608 13:36:57.434"/>
</kw>
<kw name="Wait Until Element Is Visible" library="SeleniumLibrary">
<arg>${locator_search_role}</arg>
<doc>Waits until the element ``locator`` is visible.</doc>
<status status="PASS" starttime="20230608 13:36:57.435" endtime="20230608 13:36:57.972"/>
</kw>
<kw name="Wait Until Element Is Visible" library="SeleniumLibrary">
<arg>${locator_search_plan}</arg>
<doc>Waits until the element ``locator`` is visible.</doc>
<status status="PASS" starttime="20230608 13:36:57.972" endtime="20230608 13:36:58.508"/>
</kw>
<kw name="Wait Until Element Is Visible" library="SeleniumLibrary">
<arg>${locator_search_status}</arg>
<doc>Waits until the element ``locator`` is visible.</doc>
<status status="PASS" starttime="20230608 13:36:58.509" endtime="20230608 13:36:59.042"/>
</kw>
<kw name="Wait Until Element Is Visible" library="SeleniumLibrary">
<arg>${locatorr_btn_search}</arg>
<doc>Waits until the element ``locator`` is visible.</doc>
<status status="PASS" starttime="20230608 13:36:59.042" endtime="20230608 13:36:59.571"/>
</kw>
<status status="PASS" starttime="20230608 13:36:50.392" endtime="20230608 13:36:59.572"/>
</kw>
<kw name="Add User" library="keyword">
<kw name="Click Element" library="SeleniumLibrary">
<arg>${locator_btn_add_user}</arg>
<doc>Click the element identified by ``locator``.</doc>
<msg timestamp="20230608 13:36:59.574" level="INFO">Clicking element 'xpath=//*[@id="__next"]/div[1]/div[2]/main/div/div[2]/div/div[1]/div/a'.</msg>
<status status="PASS" starttime="20230608 13:36:59.573" endtime="20230608 13:37:00.132"/>
</kw>
<kw name="Wait Until Page Contains" library="SeleniumLibrary">
<arg>Form User</arg>
<arg>5s</arg>
<doc>Waits until ``text`` appears on the current page.</doc>
<status status="PASS" starttime="20230608 13:37:00.133" endtime="20230608 13:37:00.401"/>
</kw>
<status status="PASS" starttime="20230608 13:36:59.572" endtime="20230608 13:37:00.402"/>
</kw>
<kw name="Set Focus To Element" library="SeleniumLibrary">
<arg>${locator_reset}</arg>
<doc>Sets the focus to the element identified by ``locator``.</doc>
<status status="PASS" starttime="20230608 13:37:00.403" endtime="20230608 13:37:00.926"/>
</kw>
<kw name="Input data for register pass" library="keyword">
<kw name="Input Text" library="SeleniumLibrary">
<arg>${locator_firstname}</arg>
<arg>Patcharaporn</arg>
<doc>Types the given ``text`` into the text field identified by ``locator``.</doc>
<msg timestamp="20230608 13:37:00.928" level="INFO">Typing text 'Patcharaporn' into text field 'id=firstname'.</msg>
<status status="PASS" starttime="20230608 13:37:00.927" endtime="20230608 13:37:01.751"/>
</kw>
<kw name="Input Text" library="SeleniumLibrary">
<arg>${locator_lastname}</arg>
<arg>Kheawsuwan</arg>
<doc>Types the given ``text`` into the text field identified by ``locator``.</doc>
<msg timestamp="20230608 13:37:01.751" level="INFO">Typing text 'Kheawsuwan' into text field 'id=lastname'.</msg>
<status status="PASS" starttime="20230608 13:37:01.751" endtime="20230608 13:37:02.595"/>
</kw>
<kw name="Input Text" library="SeleniumLibrary">
<arg>${locator_email}</arg>
<arg>aom@gmail.com</arg>
<doc>Types the given ``text`` into the text field identified by ``locator``.</doc>
<msg timestamp="20230608 13:37:02.597" level="INFO">Typing text 'aom@gmail.com' into text field 'id=email'.</msg>
<status status="PASS" starttime="20230608 13:37:02.595" endtime="20230608 13:37:03.447"/>
</kw>
<kw name="Input Text" library="SeleniumLibrary">
<arg>${locator_password_adduser}</arg>
<arg>1234567</arg>
<doc>Types the given ``text`` into the text field identified by ``locator``.</doc>
<msg timestamp="20230608 13:37:03.448" level="INFO">Typing text '1234567' into text field 'id=password'.</msg>
<status status="PASS" starttime="20230608 13:37:03.447" endtime="20230608 13:37:04.297"/>
</kw>
<kw name="Input Text" library="SeleniumLibrary">
<arg>${locator_mobile_phone}</arg>
<arg>0897656778</arg>
<doc>Types the given ``text`` into the text field identified by ``locator``.</doc>
<msg timestamp="20230608 13:37:04.300" level="INFO">Typing text '0897656778' into text field 'id=mobile-phone'.</msg>
<status status="PASS" starttime="20230608 13:37:04.298" endtime="20230608 13:37:05.157"/>
</kw>
<kw name="Select Radio Button" library="SeleniumLibrary">
<arg>${locator_gender}</arg>
<arg>male</arg>
<doc>Sets the radio button group ``group_name`` to ``value``.</doc>
<msg timestamp="20230608 13:37:05.158" level="INFO">Selecting 'male' from radio button 'validation-basic-radio'.</msg>
<status status="PASS" starttime="20230608 13:37:05.158" endtime="20230608 13:37:05.980"/>
</kw>
<kw name="Select Checkbox" library="SeleniumLibrary">
<arg>${locator_checkbox_sql}</arg>
<doc>Selects the checkbox identified by ``locator``.</doc>
<msg timestamp="20230608 13:37:05.980" level="INFO">Selecting checkbox 'name=courses.SQL'.</msg>
<status status="PASS" starttime="20230608 13:37:05.980" endtime="20230608 13:37:07.312"/>
</kw>
<kw name="Select Checkbox" library="SeleniumLibrary">
<arg>${locator_checkbox_manual}</arg>
<doc>Selects the checkbox identified by ``locator``.</doc>
<msg timestamp="20230608 13:37:07.313" level="INFO">Selecting checkbox 'name=courses.Test Manual'.</msg>
<status status="PASS" starttime="20230608 13:37:07.312" endtime="20230608 13:37:08.658"/>
</kw>
<kw name="Select Checkbox" library="SeleniumLibrary">
<arg>${locator_checkbox_auto_1}</arg>
<doc>Selects the checkbox identified by ``locator``.</doc>
<msg timestamp="20230608 13:37:08.659" level="INFO">Selecting checkbox 'name=courses.Automate Test'.</msg>
<status status="PASS" starttime="20230608 13:37:08.658" endtime="20230608 13:37:09.996"/>
</kw>
<kw name="Select Checkbox" library="SeleniumLibrary">
<arg>${locator_checkbox_auto_2}</arg>
<doc>Selects the checkbox identified by ``locator``.</doc>
<msg timestamp="20230608 13:37:09.997" level="INFO">Selecting checkbox 'name=courses.Automate Test2'.</msg>
<status status="PASS" starttime="20230608 13:37:09.996" endtime="20230608 13:37:11.334"/>
</kw>
<kw name="Select list nationality" library="keyword">
<kw name="Click Element" library="SeleniumLibrary">
<arg>${locator_select_nationality}</arg>
<doc>Click the element identified by ``locator``.</doc>
<msg timestamp="20230608 13:37:11.337" level="INFO">Clicking element 'id=nationality'.</msg>
<status status="PASS" starttime="20230608 13:37:11.336" endtime="20230608 13:37:11.939"/>
</kw>
<kw name="Wait Until Element Is Visible" library="SeleniumLibrary">
<arg>${locatoe_select_nationality_list}</arg>
<arg>5s</arg>
<doc>Waits until the element ``locator`` is visible.</doc>
<status status="PASS" starttime="20230608 13:37:11.939" endtime="20230608 13:37:12.472"/>
</kw>
<kw name="Click Element" library="SeleniumLibrary">
<arg>${locatoe_select_nationality_list}</arg>
<doc>Click the element identified by ``locator``.</doc>
<msg timestamp="20230608 13:37:12.475" level="INFO">Clicking element '//*[@id="menu-"]/div[3]/ul/li[221]'.</msg>
<status status="PASS" starttime="20230608 13:37:12.473" endtime="20230608 13:37:13.078"/>
</kw>
<status status="PASS" starttime="20230608 13:37:11.335" endtime="20230608 13:37:13.079"/>
</kw>
<kw name="Select list role" library="keyword">
<kw name="Click Element" library="SeleniumLibrary">
<arg>${locatoe_select_role}</arg>
<doc>Click the element identified by ``locator``.</doc>
<msg timestamp="20230608 13:37:13.081" level="INFO">Clicking element 'id=select-role'.</msg>
<status status="PASS" starttime="20230608 13:37:13.080" endtime="20230608 13:37:13.636"/>
</kw>
<kw name="Wait Until Element Is Visible" library="SeleniumLibrary">
<arg>${locator_select_role_list}</arg>
<arg>5s</arg>
<doc>Waits until the element ``locator`` is visible.</doc>
<status status="PASS" starttime="20230608 13:37:13.637" endtime="20230608 13:37:14.171"/>
</kw>
<kw name="Click Element" library="SeleniumLibrary">
<arg>${locator_select_role_list}</arg>
<doc>Click the element identified by ``locator``.</doc>
<msg timestamp="20230608 13:37:14.173" level="INFO">Clicking element 'xpath=//*[@id="menu-"]/div[3]/ul/li[1]'.</msg>
<status status="PASS" starttime="20230608 13:37:14.172" endtime="20230608 13:37:14.725"/>
</kw>
<status status="PASS" starttime="20230608 13:37:13.079" endtime="20230608 13:37:14.726"/>
</kw>
<kw name="Select list plan" library="keyword">
<kw name="Click Element" library="SeleniumLibrary">
<arg>${locator_select_plan}</arg>
<doc>Click the element identified by ``locator``.</doc>
<msg timestamp="20230608 13:37:14.728" level="INFO">Clicking element 'id=select-plan'.</msg>
<status status="PASS" starttime="20230608 13:37:14.727" endtime="20230608 13:37:15.280"/>
</kw>
<kw name="Wait Until Element Is Visible" library="SeleniumLibrary">
<arg>${locator_select_plan_list}</arg>
<arg>5s</arg>
<doc>Waits until the element ``locator`` is visible.</doc>
<status status="PASS" starttime="20230608 13:37:15.281" endtime="20230608 13:37:15.815"/>
</kw>
<kw name="Click Element" library="SeleniumLibrary">
<arg>${locator_select_plan_list}</arg>
<doc>Click the element identified by ``locator``.</doc>
<msg timestamp="20230608 13:37:15.818" level="INFO">Clicking element 'xpath=//*[@id="menu-"]/div[3]/ul/li[2]'.</msg>
<status status="PASS" starttime="20230608 13:37:15.816" endtime="20230608 13:37:16.366"/>
</kw>
<status status="PASS" starttime="20230608 13:37:14.726" endtime="20230608 13:37:16.366"/>
</kw>
<status status="PASS" starttime="20230608 13:37:00.926" endtime="20230608 13:37:16.366"/>
</kw>
<kw name="Close Browser" library="SeleniumLibrary" type="TEARDOWN">
<doc>Closes the current browser.</doc>
<status status="PASS" starttime="20230608 13:37:16.367" endtime="20230608 13:37:16.693"/>
</kw>
<doc>ใช้สำหรับกรณีเคลียร์ข้อมูล</doc>
<tag>Pass</tag>
<status status="PASS" starttime="20230608 13:36:50.391" endtime="20230608 13:37:16.693"/>
</test>
<kw name="Close All Browsers" library="SeleniumLibrary" type="TEARDOWN">
<doc>Closes all open browsers and resets the browser cache.</doc>
<status status="PASS" starttime="20230608 13:37:16.694" endtime="20230608 13:37:16.695"/>
</kw>
<status status="PASS" starttime="20230608 13:36:50.335" endtime="20230608 13:37:16.695"/>
</suite>
<statistics>
<total>
<stat pass="1" fail="0" skip="0">All Tests</stat>
</total>
<tag>
<stat pass="1" fail="0" skip="0">Pass</stat>
</tag>
<suite>
<stat pass="1" fail="0" skip="0" id="s1" name="Search">Search</stat>
</suite>
</statistics>
<errors>
</errors>
</robot>
