<?xml version="1.0" encoding="UTF-8"?>
<robot generator="Robot 6.0.2 (Python 3.11.3 on darwin)" generated="20230606 23:02:52.592" rpa="false" schemaversion="3">
<suite id="s1" name="Search" source="/Users/livinginsider/Automate/homework3.robot/search.robot">
<kw name="Set Selenium Speed" library="SeleniumLibrary" type="SETUP">
<arg>0.5s</arg>
<doc>Sets the delay that is waited after each Selenium command.</doc>
<status status="PASS" starttime="20230606 23:02:52.647" endtime="20230606 23:02:52.647"/>
</kw>
<test id="s1-t1" name="TC-Search Data" line="10">
<kw name="Search Data" library="keyword">
<arg>0</arg>
<arg>0</arg>
<arg>0</arg>
<kw name="OpenWebBrowser" library="keyword">
<kw name="Open Browser" library="SeleniumLibrary">
<arg>${url}</arg>
<arg>${browser}</arg>
<doc>Opens a new browser instance to the optional ``url``.</doc>
<msg timestamp="20230606 23:02:52.648" level="INFO">Opening browser 'gc' to base url 'https://automate-test.stpb-digital.com/login/'.</msg>
<msg timestamp="20230606 23:02:52.648" level="INFO">Applicable driver not found; attempting to install with Selenium Manager (Beta)</msg>
<status status="PASS" starttime="20230606 23:02:52.648" endtime="20230606 23:02:55.380"/>
</kw>
<kw name="Maximize Browser Window" library="SeleniumLibrary">
<doc>Maximizes current browser window.</doc>
<status status="PASS" starttime="20230606 23:02:55.381" endtime="20230606 23:02:56.294"/>
</kw>
<kw name="Wait Until Element Is Visible" library="SeleniumLibrary">
<arg>${locator_email}</arg>
<doc>Waits until the element ``locator`` is visible.</doc>
<status status="PASS" starttime="20230606 23:02:56.295" endtime="20230606 23:02:57.340"/>
</kw>
<kw name="Input Text" library="SeleniumLibrary">
<arg>${locator_email}</arg>
<arg>user.test@krupbeam.com</arg>
<doc>Types the given ``text`` into the text field identified by ``locator``.</doc>
<msg timestamp="20230606 23:02:57.342" level="INFO">Typing text 'user.test@krupbeam.com' into text field 'id=email'.</msg>
<status status="PASS" starttime="20230606 23:02:57.340" endtime="20230606 23:02:59.023"/>
</kw>
<kw name="Input Text" library="SeleniumLibrary">
<arg>${locator_password}</arg>
<arg>123456789</arg>
<doc>Types the given ``text`` into the text field identified by ``locator``.</doc>
<msg timestamp="20230606 23:02:59.025" level="INFO">Typing text '123456789' into text field 'name=password'.</msg>
<status status="PASS" starttime="20230606 23:02:59.024" endtime="20230606 23:03:00.622"/>
</kw>
<kw name="Click Element" library="SeleniumLibrary">
<arg>${locatot_btn_login}</arg>
<doc>Click the element identified by ``locator``.</doc>
<msg timestamp="20230606 23:03:00.624" level="INFO">Clicking element 'id=btn-login'.</msg>
<status status="PASS" starttime="20230606 23:03:00.622" endtime="20230606 23:03:01.711"/>
</kw>
<kw name="Wait Until Page Contains" library="SeleniumLibrary">
<arg>Search Filters</arg>
<doc>Waits until ``text`` appears on the current page.</doc>
<status status="PASS" starttime="20230606 23:03:01.711" endtime="20230606 23:03:02.225"/>
</kw>
<kw name="Wait Until Element Is Visible" library="SeleniumLibrary">
<arg>${locator_search_role}</arg>
<doc>Waits until the element ``locator`` is visible.</doc>
<status status="PASS" starttime="20230606 23:03:02.226" endtime="20230606 23:03:03.266"/>
</kw>
<kw name="Wait Until Element Is Visible" library="SeleniumLibrary">
<arg>${locator_search_plan}</arg>
<doc>Waits until the element ``locator`` is visible.</doc>
<status status="PASS" starttime="20230606 23:03:03.267" endtime="20230606 23:03:04.300"/>
</kw>
<kw name="Wait Until Element Is Visible" library="SeleniumLibrary">
<arg>${locator_search_status}</arg>
<doc>Waits until the element ``locator`` is visible.</doc>
<status status="PASS" starttime="20230606 23:03:04.301" endtime="20230606 23:03:05.334"/>
</kw>
<kw name="Wait Until Element Is Visible" library="SeleniumLibrary">
<arg>${locatorr_btn_search}</arg>
<doc>Waits until the element ``locator`` is visible.</doc>
<status status="PASS" starttime="20230606 23:03:05.334" endtime="20230606 23:03:06.367"/>
</kw>
<status status="PASS" starttime="20230606 23:02:52.647" endtime="20230606 23:03:06.367"/>
</kw>
<if>
<branch type="IF" condition="${role} == 1">
<kw name="Seach role" library="keyword">
<status status="NOT RUN" starttime="20230606 23:03:06.368" endtime="20230606 23:03:06.368"/>
</kw>
<status status="NOT RUN" starttime="20230606 23:03:06.367" endtime="20230606 23:03:06.368"/>
</branch>
<status status="PASS" starttime="20230606 23:03:06.367" endtime="20230606 23:03:06.368"/>
</if>
<if>
<branch type="IF" condition="${plan} == 1">
<kw name="Search plan" library="keyword">
<status status="NOT RUN" starttime="20230606 23:03:06.369" endtime="20230606 23:03:06.369"/>
</kw>
<status status="NOT RUN" starttime="20230606 23:03:06.368" endtime="20230606 23:03:06.369"/>
</branch>
<status status="PASS" starttime="20230606 23:03:06.368" endtime="20230606 23:03:06.369"/>
</if>
<if>
<branch type="IF" condition="${status} == 1">
<kw name="Search status" library="keyword">
<status status="NOT RUN" starttime="20230606 23:03:06.369" endtime="20230606 23:03:06.369"/>
</kw>
<status status="NOT RUN" starttime="20230606 23:03:06.369" endtime="20230606 23:03:06.369"/>
</branch>
<status status="PASS" starttime="20230606 23:03:06.369" endtime="20230606 23:03:06.369"/>
</if>
<kw name="Click Element" library="SeleniumLibrary">
<arg>${locatorr_btn_search}</arg>
<doc>Click the element identified by ``locator``.</doc>
<msg timestamp="20230606 23:03:06.370" level="INFO">Clicking element 'id=btn-search'.</msg>
<status status="PASS" starttime="20230606 23:03:06.369" endtime="20230606 23:03:07.448"/>
</kw>
<kw name="Wait Until Element Is Not Visible" library="SeleniumLibrary">
<arg>${locator_no_role}</arg>
<doc>Waits until the element ``locator`` is not visible.</doc>
<status status="PASS" starttime="20230606 23:03:07.449" endtime="20230606 23:03:08.483"/>
</kw>
<kw name="Close Browser" library="SeleniumLibrary">
<doc>Closes the current browser.</doc>
<status status="PASS" starttime="20230606 23:03:08.483" endtime="20230606 23:03:09.052"/>
</kw>
<status status="PASS" starttime="20230606 23:02:52.647" endtime="20230606 23:03:09.052"/>
</kw>
<kw name="Search Data" library="keyword">
<arg>1</arg>
<arg>1</arg>
<arg>1</arg>
<kw name="OpenWebBrowser" library="keyword">
<kw name="Open Browser" library="SeleniumLibrary">
<arg>${url}</arg>
<arg>${browser}</arg>
<doc>Opens a new browser instance to the optional ``url``.</doc>
<msg timestamp="20230606 23:03:09.054" level="INFO">Opening browser 'gc' to base url 'https://automate-test.stpb-digital.com/login/'.</msg>
<msg timestamp="20230606 23:03:09.055" level="INFO">Applicable driver not found; attempting to install with Selenium Manager (Beta)</msg>
<status status="PASS" starttime="20230606 23:03:09.053" endtime="20230606 23:03:11.711"/>
</kw>
<kw name="Maximize Browser Window" library="SeleniumLibrary">
<doc>Maximizes current browser window.</doc>
<status status="PASS" starttime="20230606 23:03:11.712" endtime="20230606 23:03:12.329"/>
</kw>
<kw name="Wait Until Element Is Visible" library="SeleniumLibrary">
<arg>${locator_email}</arg>
<doc>Waits until the element ``locator`` is visible.</doc>
<status status="PASS" starttime="20230606 23:03:12.329" endtime="20230606 23:03:13.373"/>
</kw>
<kw name="Input Text" library="SeleniumLibrary">
<arg>${locator_email}</arg>
<arg>user.test@krupbeam.com</arg>
<doc>Types the given ``text`` into the text field identified by ``locator``.</doc>
<msg timestamp="20230606 23:03:13.373" level="INFO">Typing text 'user.test@krupbeam.com' into text field 'id=email'.</msg>
<status status="PASS" starttime="20230606 23:03:13.373" endtime="20230606 23:03:15.036"/>
</kw>
<kw name="Input Text" library="SeleniumLibrary">
<arg>${locator_password}</arg>
<arg>123456789</arg>
<doc>Types the given ``text`` into the text field identified by ``locator``.</doc>
<msg timestamp="20230606 23:03:15.038" level="INFO">Typing text '123456789' into text field 'name=password'.</msg>
<status status="PASS" starttime="20230606 23:03:15.036" endtime="20230606 23:03:16.637"/>
</kw>
<kw name="Click Element" library="SeleniumLibrary">
<arg>${locatot_btn_login}</arg>
<doc>Click the element identified by ``locator``.</doc>
<msg timestamp="20230606 23:03:16.639" level="INFO">Clicking element 'id=btn-login'.</msg>
<status status="PASS" starttime="20230606 23:03:16.637" endtime="20230606 23:03:17.699"/>
</kw>
<kw name="Wait Until Page Contains" library="SeleniumLibrary">
<arg>Search Filters</arg>
<doc>Waits until ``text`` appears on the current page.</doc>
<status status="PASS" starttime="20230606 23:03:17.699" endtime="20230606 23:03:18.210"/>
</kw>
<kw name="Wait Until Element Is Visible" library="SeleniumLibrary">
<arg>${locator_search_role}</arg>
<doc>Waits until the element ``locator`` is visible.</doc>
<status status="PASS" starttime="20230606 23:03:18.210" endtime="20230606 23:03:19.244"/>
</kw>
<kw name="Wait Until Element Is Visible" library="SeleniumLibrary">
<arg>${locator_search_plan}</arg>
<doc>Waits until the element ``locator`` is visible.</doc>
<status status="PASS" starttime="20230606 23:03:19.245" endtime="20230606 23:03:20.285"/>
</kw>
<kw name="Wait Until Element Is Visible" library="SeleniumLibrary">
<arg>${locator_search_status}</arg>
<doc>Waits until the element ``locator`` is visible.</doc>
<status status="PASS" starttime="20230606 23:03:20.286" endtime="20230606 23:03:21.322"/>
</kw>
<kw name="Wait Until Element Is Visible" library="SeleniumLibrary">
<arg>${locatorr_btn_search}</arg>
<doc>Waits until the element ``locator`` is visible.</doc>
<status status="PASS" starttime="20230606 23:03:21.322" endtime="20230606 23:03:22.357"/>
</kw>
<status status="PASS" starttime="20230606 23:03:09.053" endtime="20230606 23:03:22.358"/>
</kw>
<if>
<branch type="IF" condition="${role} == 1">
<kw name="Seach role" library="keyword">
<kw name="Click Element" library="SeleniumLibrary">
<arg>${locator_search_role}</arg>
<doc>Click the element identified by ``locator``.</doc>
<msg timestamp="20230606 23:03:22.361" level="INFO">Clicking element 'id=select-role'.</msg>
<status status="PASS" starttime="20230606 23:03:22.360" endtime="20230606 23:03:23.421"/>
</kw>
<kw name="Wait Until Element Is Visible" library="SeleniumLibrary">
<arg>${locator_search_role_list}</arg>
<arg>5s</arg>
<doc>Waits until the element ``locator`` is visible.</doc>
<status status="PASS" starttime="20230606 23:03:23.421" endtime="20230606 23:03:24.457"/>
</kw>
<kw name="Click Element" library="SeleniumLibrary">
<arg>${locator_search_role_list}</arg>
<doc>Click the element identified by ``locator``.</doc>
<msg timestamp="20230606 23:03:24.459" level="INFO">Clicking element 'id=option-select-role-1'.</msg>
<status status="PASS" starttime="20230606 23:03:24.457" endtime="20230606 23:03:25.530"/>
</kw>
<status status="PASS" starttime="20230606 23:03:22.359" endtime="20230606 23:03:25.531"/>
</kw>
<status status="PASS" starttime="20230606 23:03:22.358" endtime="20230606 23:03:25.531"/>
</branch>
<status status="PASS" starttime="20230606 23:03:22.358" endtime="20230606 23:03:25.531"/>
</if>
<if>
<branch type="IF" condition="${plan} == 1">
<kw name="Search plan" library="keyword">
<kw name="Click Element" library="SeleniumLibrary">
<arg>${locator_search_plan}</arg>
<doc>Click the element identified by ``locator``.</doc>
<msg timestamp="20230606 23:03:25.534" level="INFO">Clicking element 'id=select-plan'.</msg>
<status status="PASS" starttime="20230606 23:03:25.533" endtime="20230606 23:03:26.592"/>
</kw>
<kw name="Wait Until Element Is Visible" library="SeleniumLibrary">
<arg>${locator_search_plan_list}</arg>
<arg>5s</arg>
<doc>Waits until the element ``locator`` is visible.</doc>
<status status="PASS" starttime="20230606 23:03:26.592" endtime="20230606 23:03:27.630"/>
</kw>
<kw name="Click Element" library="SeleniumLibrary">
<arg>${locator_search_plan_list}</arg>
<doc>Click the element identified by ``locator``.</doc>
<msg timestamp="20230606 23:03:27.632" level="INFO">Clicking element 'id=option-select-plan-1'.</msg>
<status status="PASS" starttime="20230606 23:03:27.630" endtime="20230606 23:03:28.698"/>
</kw>
<status status="PASS" starttime="20230606 23:03:25.532" endtime="20230606 23:03:28.698"/>
</kw>
<status status="PASS" starttime="20230606 23:03:25.532" endtime="20230606 23:03:28.698"/>
</branch>
<status status="PASS" starttime="20230606 23:03:25.531" endtime="20230606 23:03:28.698"/>
</if>
<if>
<branch type="IF" condition="${status} == 1">
<kw name="Search status" library="keyword">
<kw name="Click Element" library="SeleniumLibrary">
<arg>${locator_search_status}</arg>
<doc>Click the element identified by ``locator``.</doc>
<msg timestamp="20230606 23:03:28.701" level="INFO">Clicking element 'id=select-status'.</msg>
<status status="PASS" starttime="20230606 23:03:28.700" endtime="20230606 23:03:29.751"/>
</kw>
<kw name="Wait Until Element Is Visible" library="SeleniumLibrary">
<arg>${locator_search_status_list}</arg>
<arg>5s</arg>
<doc>Waits until the element ``locator`` is visible.</doc>
<status status="PASS" starttime="20230606 23:03:29.751" endtime="20230606 23:03:30.785"/>
</kw>
<kw name="Click Element" library="SeleniumLibrary">
<arg>${locator_search_status_list}</arg>
<doc>Click the element identified by ``locator``.</doc>
<msg timestamp="20230606 23:03:30.787" level="INFO">Clicking element 'id=option-select-status-1'.</msg>
<status status="PASS" starttime="20230606 23:03:30.785" endtime="20230606 23:03:31.853"/>
</kw>
<status status="PASS" starttime="20230606 23:03:28.699" endtime="20230606 23:03:31.853"/>
</kw>
<status status="PASS" starttime="20230606 23:03:28.699" endtime="20230606 23:03:31.853"/>
</branch>
<status status="PASS" starttime="20230606 23:03:28.699" endtime="20230606 23:03:31.853"/>
</if>
<kw name="Click Element" library="SeleniumLibrary">
<arg>${locatorr_btn_search}</arg>
<doc>Click the element identified by ``locator``.</doc>
<msg timestamp="20230606 23:03:31.855" level="INFO">Clicking element 'id=btn-search'.</msg>
<status status="PASS" starttime="20230606 23:03:31.854" endtime="20230606 23:03:32.935"/>
</kw>
<kw name="Wait Until Element Is Not Visible" library="SeleniumLibrary">
<arg>${locator_no_role}</arg>
<doc>Waits until the element ``locator`` is not visible.</doc>
<status status="PASS" starttime="20230606 23:03:32.936" endtime="20230606 23:03:33.968"/>
</kw>
<kw name="Close Browser" library="SeleniumLibrary">
<doc>Closes the current browser.</doc>
<status status="PASS" starttime="20230606 23:03:33.969" endtime="20230606 23:03:34.537"/>
</kw>
<status status="PASS" starttime="20230606 23:03:09.053" endtime="20230606 23:03:34.537"/>
</kw>
<kw name="Search Data" library="keyword">
<arg>1</arg>
<arg>0</arg>
<arg>1</arg>
<kw name="OpenWebBrowser" library="keyword">
<kw name="Open Browser" library="SeleniumLibrary">
<arg>${url}</arg>
<arg>${browser}</arg>
<doc>Opens a new browser instance to the optional ``url``.</doc>
<msg timestamp="20230606 23:03:34.541" level="INFO">Opening browser 'gc' to base url 'https://automate-test.stpb-digital.com/login/'.</msg>
<msg timestamp="20230606 23:03:34.542" level="INFO">Applicable driver not found; attempting to install with Selenium Manager (Beta)</msg>
<status status="PASS" starttime="20230606 23:03:34.539" endtime="20230606 23:03:37.302"/>
</kw>
<kw name="Maximize Browser Window" library="SeleniumLibrary">
<doc>Maximizes current browser window.</doc>
<status status="PASS" starttime="20230606 23:03:37.303" endtime="20230606 23:03:38.217"/>
</kw>
<kw name="Wait Until Element Is Visible" library="SeleniumLibrary">
<arg>${locator_email}</arg>
<doc>Waits until the element ``locator`` is visible.</doc>
<status status="PASS" starttime="20230606 23:03:38.217" endtime="20230606 23:03:39.262"/>
</kw>
<kw name="Input Text" library="SeleniumLibrary">
<arg>${locator_email}</arg>
<arg>user.test@krupbeam.com</arg>
<doc>Types the given ``text`` into the text field identified by ``locator``.</doc>
<msg timestamp="20230606 23:03:39.264" level="INFO">Typing text 'user.test@krupbeam.com' into text field 'id=email'.</msg>
<status status="PASS" starttime="20230606 23:03:39.263" endtime="20230606 23:03:40.941"/>
</kw>
<kw name="Input Text" library="SeleniumLibrary">
<arg>${locator_password}</arg>
<arg>123456789</arg>
<doc>Types the given ``text`` into the text field identified by ``locator``.</doc>
<msg timestamp="20230606 23:03:40.943" level="INFO">Typing text '123456789' into text field 'name=password'.</msg>
<status status="PASS" starttime="20230606 23:03:40.942" endtime="20230606 23:03:42.553"/>
</kw>
<kw name="Click Element" library="SeleniumLibrary">
<arg>${locatot_btn_login}</arg>
<doc>Click the element identified by ``locator``.</doc>
<msg timestamp="20230606 23:03:42.555" level="INFO">Clicking element 'id=btn-login'.</msg>
<status status="PASS" starttime="20230606 23:03:42.553" endtime="20230606 23:03:43.643"/>
</kw>
<kw name="Wait Until Page Contains" library="SeleniumLibrary">
<arg>Search Filters</arg>
<doc>Waits until ``text`` appears on the current page.</doc>
<status status="PASS" starttime="20230606 23:03:43.644" endtime="20230606 23:03:44.882"/>
</kw>
<kw name="Wait Until Element Is Visible" library="SeleniumLibrary">
<arg>${locator_search_role}</arg>
<doc>Waits until the element ``locator`` is visible.</doc>
<status status="PASS" starttime="20230606 23:03:44.883" endtime="20230606 23:03:45.918"/>
</kw>
<kw name="Wait Until Element Is Visible" library="SeleniumLibrary">
<arg>${locator_search_plan}</arg>
<doc>Waits until the element ``locator`` is visible.</doc>
<status status="PASS" starttime="20230606 23:03:45.919" endtime="20230606 23:03:46.952"/>
</kw>
<kw name="Wait Until Element Is Visible" library="SeleniumLibrary">
<arg>${locator_search_status}</arg>
<doc>Waits until the element ``locator`` is visible.</doc>
<status status="PASS" starttime="20230606 23:03:46.953" endtime="20230606 23:03:47.982"/>
</kw>
<kw name="Wait Until Element Is Visible" library="SeleniumLibrary">
<arg>${locatorr_btn_search}</arg>
<doc>Waits until the element ``locator`` is visible.</doc>
<status status="PASS" starttime="20230606 23:03:47.983" endtime="20230606 23:03:49.018"/>
</kw>
<status status="PASS" starttime="20230606 23:03:34.539" endtime="20230606 23:03:49.018"/>
</kw>
<if>
<branch type="IF" condition="${role} == 1">
<kw name="Seach role" library="keyword">
<kw name="Click Element" library="SeleniumLibrary">
<arg>${locator_search_role}</arg>
<doc>Click the element identified by ``locator``.</doc>
<msg timestamp="20230606 23:03:49.021" level="INFO">Clicking element 'id=select-role'.</msg>
<status status="PASS" starttime="20230606 23:03:49.020" endtime="20230606 23:03:50.082"/>
</kw>
<kw name="Wait Until Element Is Visible" library="SeleniumLibrary">
<arg>${locator_search_role_list}</arg>
<arg>5s</arg>
<doc>Waits until the element ``locator`` is visible.</doc>
<status status="PASS" starttime="20230606 23:03:50.083" endtime="20230606 23:03:51.120"/>
</kw>
<kw name="Click Element" library="SeleniumLibrary">
<arg>${locator_search_role_list}</arg>
<doc>Click the element identified by ``locator``.</doc>
<msg timestamp="20230606 23:03:51.122" level="INFO">Clicking element 'id=option-select-role-1'.</msg>
<status status="PASS" starttime="20230606 23:03:51.121" endtime="20230606 23:03:52.195"/>
</kw>
<status status="PASS" starttime="20230606 23:03:49.019" endtime="20230606 23:03:52.196"/>
</kw>
<status status="PASS" starttime="20230606 23:03:49.019" endtime="20230606 23:03:52.196"/>
</branch>
<status status="PASS" starttime="20230606 23:03:49.019" endtime="20230606 23:03:52.196"/>
</if>
<if>
<branch type="IF" condition="${plan} == 1">
<kw name="Search plan" library="keyword">
<status status="NOT RUN" starttime="20230606 23:03:52.197" endtime="20230606 23:03:52.197"/>
</kw>
<status status="NOT RUN" starttime="20230606 23:03:52.196" endtime="20230606 23:03:52.197"/>
</branch>
<status status="PASS" starttime="20230606 23:03:52.196" endtime="20230606 23:03:52.197"/>
</if>
<if>
<branch type="IF" condition="${status} == 1">
<kw name="Search status" library="keyword">
<kw name="Click Element" library="SeleniumLibrary">
<arg>${locator_search_status}</arg>
<doc>Click the element identified by ``locator``.</doc>
<msg timestamp="20230606 23:03:52.199" level="INFO">Clicking element 'id=select-status'.</msg>
<status status="PASS" starttime="20230606 23:03:52.198" endtime="20230606 23:03:53.253"/>
</kw>
<kw name="Wait Until Element Is Visible" library="SeleniumLibrary">
<arg>${locator_search_status_list}</arg>
<arg>5s</arg>
<doc>Waits until the element ``locator`` is visible.</doc>
<status status="PASS" starttime="20230606 23:03:53.253" endtime="20230606 23:03:54.283"/>
</kw>
<kw name="Click Element" library="SeleniumLibrary">
<arg>${locator_search_status_list}</arg>
<doc>Click the element identified by ``locator``.</doc>
<msg timestamp="20230606 23:03:54.284" level="INFO">Clicking element 'id=option-select-status-1'.</msg>
<status status="PASS" starttime="20230606 23:03:54.283" endtime="20230606 23:03:55.348"/>
</kw>
<status status="PASS" starttime="20230606 23:03:52.197" endtime="20230606 23:03:55.348"/>
</kw>
<status status="PASS" starttime="20230606 23:03:52.197" endtime="20230606 23:03:55.348"/>
</branch>
<status status="PASS" starttime="20230606 23:03:52.197" endtime="20230606 23:03:55.348"/>
</if>
<kw name="Click Element" library="SeleniumLibrary">
<arg>${locatorr_btn_search}</arg>
<doc>Click the element identified by ``locator``.</doc>
<msg timestamp="20230606 23:03:55.349" level="INFO">Clicking element 'id=btn-search'.</msg>
<status status="PASS" starttime="20230606 23:03:55.348" endtime="20230606 23:03:56.405"/>
</kw>
<kw name="Wait Until Element Is Not Visible" library="SeleniumLibrary">
<arg>${locator_no_role}</arg>
<doc>Waits until the element ``locator`` is not visible.</doc>
<status status="PASS" starttime="20230606 23:03:56.405" endtime="20230606 23:03:57.431"/>
</kw>
<kw name="Close Browser" library="SeleniumLibrary">
<doc>Closes the current browser.</doc>
<status status="PASS" starttime="20230606 23:03:57.432" endtime="20230606 23:03:58.001"/>
</kw>
<status status="PASS" starttime="20230606 23:03:34.538" endtime="20230606 23:03:58.001"/>
</kw>
<kw name="Search Data" library="keyword">
<arg>1</arg>
<arg>0</arg>
<arg>0</arg>
<kw name="OpenWebBrowser" library="keyword">
<kw name="Open Browser" library="SeleniumLibrary">
<arg>${url}</arg>
<arg>${browser}</arg>
<doc>Opens a new browser instance to the optional ``url``.</doc>
<msg timestamp="20230606 23:03:58.004" level="INFO">Opening browser 'gc' to base url 'https://automate-test.stpb-digital.com/login/'.</msg>
<msg timestamp="20230606 23:03:58.005" level="INFO">Applicable driver not found; attempting to install with Selenium Manager (Beta)</msg>
<status status="PASS" starttime="20230606 23:03:58.003" endtime="20230606 23:04:00.745"/>
</kw>
<kw name="Maximize Browser Window" library="SeleniumLibrary">
<doc>Maximizes current browser window.</doc>
<status status="PASS" starttime="20230606 23:04:00.746" endtime="20230606 23:04:01.658"/>
</kw>
<kw name="Wait Until Element Is Visible" library="SeleniumLibrary">
<arg>${locator_email}</arg>
<doc>Waits until the element ``locator`` is visible.</doc>
<status status="PASS" starttime="20230606 23:04:01.659" endtime="20230606 23:04:02.714"/>
</kw>
<kw name="Input Text" library="SeleniumLibrary">
<arg>${locator_email}</arg>
<arg>user.test@krupbeam.com</arg>
<doc>Types the given ``text`` into the text field identified by ``locator``.</doc>
<msg timestamp="20230606 23:04:02.715" level="INFO">Typing text 'user.test@krupbeam.com' into text field 'id=email'.</msg>
<status status="PASS" starttime="20230606 23:04:02.714" endtime="20230606 23:04:04.415"/>
</kw>
<kw name="Input Text" library="SeleniumLibrary">
<arg>${locator_password}</arg>
<arg>123456789</arg>
<doc>Types the given ``text`` into the text field identified by ``locator``.</doc>
<msg timestamp="20230606 23:04:04.416" level="INFO">Typing text '123456789' into text field 'name=password'.</msg>
<status status="PASS" starttime="20230606 23:04:04.415" endtime="20230606 23:04:06.040"/>
</kw>
<kw name="Click Element" library="SeleniumLibrary">
<arg>${locatot_btn_login}</arg>
<doc>Click the element identified by ``locator``.</doc>
<msg timestamp="20230606 23:04:06.042" level="INFO">Clicking element 'id=btn-login'.</msg>
<status status="PASS" starttime="20230606 23:04:06.041" endtime="20230606 23:04:07.132"/>
</kw>
<kw name="Wait Until Page Contains" library="SeleniumLibrary">
<arg>Search Filters</arg>
<doc>Waits until ``text`` appears on the current page.</doc>
<status status="PASS" starttime="20230606 23:04:07.133" endtime="20230606 23:04:07.647"/>
</kw>
<kw name="Wait Until Element Is Visible" library="SeleniumLibrary">
<arg>${locator_search_role}</arg>
<doc>Waits until the element ``locator`` is visible.</doc>
<status status="PASS" starttime="20230606 23:04:07.648" endtime="20230606 23:04:08.694"/>
</kw>
<kw name="Wait Until Element Is Visible" library="SeleniumLibrary">
<arg>${locator_search_plan}</arg>
<doc>Waits until the element ``locator`` is visible.</doc>
<status status="PASS" starttime="20230606 23:04:08.695" endtime="20230606 23:04:09.739"/>
</kw>
<kw name="Wait Until Element Is Visible" library="SeleniumLibrary">
<arg>${locator_search_status}</arg>
<doc>Waits until the element ``locator`` is visible.</doc>
<status status="PASS" starttime="20230606 23:04:09.739" endtime="20230606 23:04:10.793"/>
</kw>
<kw name="Wait Until Element Is Visible" library="SeleniumLibrary">
<arg>${locatorr_btn_search}</arg>
<doc>Waits until the element ``locator`` is visible.</doc>
<status status="PASS" starttime="20230606 23:04:10.794" endtime="20230606 23:04:11.840"/>
</kw>
<status status="PASS" starttime="20230606 23:03:58.003" endtime="20230606 23:04:11.840"/>
</kw>
<if>
<branch type="IF" condition="${role} == 1">
<kw name="Seach role" library="keyword">
<kw name="Click Element" library="SeleniumLibrary">
<arg>${locator_search_role}</arg>
<doc>Click the element identified by ``locator``.</doc>
<msg timestamp="20230606 23:04:11.843" level="INFO">Clicking element 'id=select-role'.</msg>
<status status="PASS" starttime="20230606 23:04:11.842" endtime="20230606 23:04:12.916"/>
</kw>
<kw name="Wait Until Element Is Visible" library="SeleniumLibrary">
<arg>${locator_search_role_list}</arg>
<arg>5s</arg>
<doc>Waits until the element ``locator`` is visible.</doc>
<status status="PASS" starttime="20230606 23:04:12.917" endtime="20230606 23:04:13.959"/>
</kw>
<kw name="Click Element" library="SeleniumLibrary">
<arg>${locator_search_role_list}</arg>
<doc>Click the element identified by ``locator``.</doc>
<msg timestamp="20230606 23:04:13.962" level="INFO">Clicking element 'id=option-select-role-1'.</msg>
<status status="PASS" starttime="20230606 23:04:13.960" endtime="20230606 23:04:15.046"/>
</kw>
<status status="PASS" starttime="20230606 23:04:11.841" endtime="20230606 23:04:15.046"/>
</kw>
<status status="PASS" starttime="20230606 23:04:11.841" endtime="20230606 23:04:15.046"/>
</branch>
<status status="PASS" starttime="20230606 23:04:11.841" endtime="20230606 23:04:15.046"/>
</if>
<if>
<branch type="IF" condition="${plan} == 1">
<kw name="Search plan" library="keyword">
<status status="NOT RUN" starttime="20230606 23:04:15.047" endtime="20230606 23:04:15.047"/>
</kw>
<status status="NOT RUN" starttime="20230606 23:04:15.047" endtime="20230606 23:04:15.047"/>
</branch>
<status status="PASS" starttime="20230606 23:04:15.046" endtime="20230606 23:04:15.047"/>
</if>
<if>
<branch type="IF" condition="${status} == 1">
<kw name="Search status" library="keyword">
<status status="NOT RUN" starttime="20230606 23:04:15.048" endtime="20230606 23:04:15.048"/>
</kw>
<status status="NOT RUN" starttime="20230606 23:04:15.048" endtime="20230606 23:04:15.048"/>
</branch>
<status status="PASS" starttime="20230606 23:04:15.048" endtime="20230606 23:04:15.048"/>
</if>
<kw name="Click Element" library="SeleniumLibrary">
<arg>${locatorr_btn_search}</arg>
<doc>Click the element identified by ``locator``.</doc>
<msg timestamp="20230606 23:04:15.050" level="INFO">Clicking element 'id=btn-search'.</msg>
<status status="PASS" starttime="20230606 23:04:15.048" endtime="20230606 23:04:16.145"/>
</kw>
<kw name="Wait Until Element Is Not Visible" library="SeleniumLibrary">
<arg>${locator_no_role}</arg>
<doc>Waits until the element ``locator`` is not visible.</doc>
<status status="PASS" starttime="20230606 23:04:16.145" endtime="20230606 23:04:17.192"/>
</kw>
<kw name="Close Browser" library="SeleniumLibrary">
<doc>Closes the current browser.</doc>
<status status="PASS" starttime="20230606 23:04:17.192" endtime="20230606 23:04:17.762"/>
</kw>
<status status="PASS" starttime="20230606 23:03:58.002" endtime="20230606 23:04:17.762"/>
</kw>
<kw name="Search Data" library="keyword">
<arg>0</arg>
<arg>1</arg>
<arg>1</arg>
<kw name="OpenWebBrowser" library="keyword">
<kw name="Open Browser" library="SeleniumLibrary">
<arg>${url}</arg>
<arg>${browser}</arg>
<doc>Opens a new browser instance to the optional ``url``.</doc>
<msg timestamp="20230606 23:04:17.766" level="INFO">Opening browser 'gc' to base url 'https://automate-test.stpb-digital.com/login/'.</msg>
<msg timestamp="20230606 23:04:17.767" level="INFO">Applicable driver not found; attempting to install with Selenium Manager (Beta)</msg>
<status status="PASS" starttime="20230606 23:04:17.765" endtime="20230606 23:04:20.390"/>
</kw>
<kw name="Maximize Browser Window" library="SeleniumLibrary">
<doc>Maximizes current browser window.</doc>
<status status="PASS" starttime="20230606 23:04:20.391" endtime="20230606 23:04:21.304"/>
</kw>
<kw name="Wait Until Element Is Visible" library="SeleniumLibrary">
<arg>${locator_email}</arg>
<doc>Waits until the element ``locator`` is visible.</doc>
<status status="PASS" starttime="20230606 23:04:21.305" endtime="20230606 23:04:22.356"/>
</kw>
<kw name="Input Text" library="SeleniumLibrary">
<arg>${locator_email}</arg>
<arg>user.test@krupbeam.com</arg>
<doc>Types the given ``text`` into the text field identified by ``locator``.</doc>
<msg timestamp="20230606 23:04:22.357" level="INFO">Typing text 'user.test@krupbeam.com' into text field 'id=email'.</msg>
<status status="PASS" starttime="20230606 23:04:22.356" endtime="20230606 23:04:24.063"/>
</kw>
<kw name="Input Text" library="SeleniumLibrary">
<arg>${locator_password}</arg>
<arg>123456789</arg>
<doc>Types the given ``text`` into the text field identified by ``locator``.</doc>
<msg timestamp="20230606 23:04:24.065" level="INFO">Typing text '123456789' into text field 'name=password'.</msg>
<status status="PASS" starttime="20230606 23:04:24.063" endtime="20230606 23:04:25.689"/>
</kw>
<kw name="Click Element" library="SeleniumLibrary">
<arg>${locatot_btn_login}</arg>
<doc>Click the element identified by ``locator``.</doc>
<msg timestamp="20230606 23:04:25.691" level="INFO">Clicking element 'id=btn-login'.</msg>
<status status="PASS" starttime="20230606 23:04:25.689" endtime="20230606 23:04:26.793"/>
</kw>
<kw name="Wait Until Page Contains" library="SeleniumLibrary">
<arg>Search Filters</arg>
<doc>Waits until ``text`` appears on the current page.</doc>
<status status="PASS" starttime="20230606 23:04:26.793" endtime="20230606 23:04:27.306"/>
</kw>
<kw name="Wait Until Element Is Visible" library="SeleniumLibrary">
<arg>${locator_search_role}</arg>
<doc>Waits until the element ``locator`` is visible.</doc>
<status status="PASS" starttime="20230606 23:04:27.306" endtime="20230606 23:04:28.353"/>
</kw>
<kw name="Wait Until Element Is Visible" library="SeleniumLibrary">
<arg>${locator_search_plan}</arg>
<doc>Waits until the element ``locator`` is visible.</doc>
<status status="PASS" starttime="20230606 23:04:28.354" endtime="20230606 23:04:29.400"/>
</kw>
<kw name="Wait Until Element Is Visible" library="SeleniumLibrary">
<arg>${locator_search_status}</arg>
<doc>Waits until the element ``locator`` is visible.</doc>
<status status="PASS" starttime="20230606 23:04:29.400" endtime="20230606 23:04:30.443"/>
</kw>
<kw name="Wait Until Element Is Visible" library="SeleniumLibrary">
<arg>${locatorr_btn_search}</arg>
<doc>Waits until the element ``locator`` is visible.</doc>
<status status="PASS" starttime="20230606 23:04:30.443" endtime="20230606 23:04:31.484"/>
</kw>
<status status="PASS" starttime="20230606 23:04:17.764" endtime="20230606 23:04:31.484"/>
</kw>
<if>
<branch type="IF" condition="${role} == 1">
<kw name="Seach role" library="keyword">
<status status="NOT RUN" starttime="20230606 23:04:31.485" endtime="20230606 23:04:31.485"/>
</kw>
<status status="NOT RUN" starttime="20230606 23:04:31.485" endtime="20230606 23:04:31.485"/>
</branch>
<status status="PASS" starttime="20230606 23:04:31.484" endtime="20230606 23:04:31.486"/>
</if>
<if>
<branch type="IF" condition="${plan} == 1">
<kw name="Search plan" library="keyword">
<kw name="Click Element" library="SeleniumLibrary">
<arg>${locator_search_plan}</arg>
<doc>Click the element identified by ``locator``.</doc>
<msg timestamp="20230606 23:04:31.488" level="INFO">Clicking element 'id=select-plan'.</msg>
<status status="PASS" starttime="20230606 23:04:31.487" endtime="20230606 23:04:32.566"/>
</kw>
<kw name="Wait Until Element Is Visible" library="SeleniumLibrary">
<arg>${locator_search_plan_list}</arg>
<arg>5s</arg>
<doc>Waits until the element ``locator`` is visible.</doc>
<status status="PASS" starttime="20230606 23:04:32.566" endtime="20230606 23:04:33.608"/>
</kw>
<kw name="Click Element" library="SeleniumLibrary">
<arg>${locator_search_plan_list}</arg>
<doc>Click the element identified by ``locator``.</doc>
<msg timestamp="20230606 23:04:33.608" level="INFO">Clicking element 'id=option-select-plan-1'.</msg>
<status status="PASS" starttime="20230606 23:04:33.608" endtime="20230606 23:04:34.689"/>
</kw>
<status status="PASS" starttime="20230606 23:04:31.486" endtime="20230606 23:04:34.689"/>
</kw>
<status status="PASS" starttime="20230606 23:04:31.486" endtime="20230606 23:04:34.689"/>
</branch>
<status status="PASS" starttime="20230606 23:04:31.486" endtime="20230606 23:04:34.689"/>
</if>
<if>
<branch type="IF" condition="${status} == 1">
<kw name="Search status" library="keyword">
<kw name="Click Element" library="SeleniumLibrary">
<arg>${locator_search_status}</arg>
<doc>Click the element identified by ``locator``.</doc>
<msg timestamp="20230606 23:04:34.692" level="INFO">Clicking element 'id=select-status'.</msg>
<status status="PASS" starttime="20230606 23:04:34.691" endtime="20230606 23:04:35.759"/>
</kw>
<kw name="Wait Until Element Is Visible" library="SeleniumLibrary">
<arg>${locator_search_status_list}</arg>
<arg>5s</arg>
<doc>Waits until the element ``locator`` is visible.</doc>
<status status="PASS" starttime="20230606 23:04:35.759" endtime="20230606 23:04:36.806"/>
</kw>
<kw name="Click Element" library="SeleniumLibrary">
<arg>${locator_search_status_list}</arg>
<doc>Click the element identified by ``locator``.</doc>
<msg timestamp="20230606 23:04:36.808" level="INFO">Clicking element 'id=option-select-status-1'.</msg>
<status status="PASS" starttime="20230606 23:04:36.806" endtime="20230606 23:04:37.881"/>
</kw>
<status status="PASS" starttime="20230606 23:04:34.690" endtime="20230606 23:04:37.882"/>
</kw>
<status status="PASS" starttime="20230606 23:04:34.690" endtime="20230606 23:04:37.882"/>
</branch>
<status status="PASS" starttime="20230606 23:04:34.689" endtime="20230606 23:04:37.882"/>
</if>
<kw name="Click Element" library="SeleniumLibrary">
<arg>${locatorr_btn_search}</arg>
<doc>Click the element identified by ``locator``.</doc>
<msg timestamp="20230606 23:04:37.884" level="INFO">Clicking element 'id=btn-search'.</msg>
<status status="PASS" starttime="20230606 23:04:37.882" endtime="20230606 23:04:38.977"/>
</kw>
<kw name="Wait Until Element Is Not Visible" library="SeleniumLibrary">
<arg>${locator_no_role}</arg>
<doc>Waits until the element ``locator`` is not visible.</doc>
<status status="PASS" starttime="20230606 23:04:38.977" endtime="20230606 23:04:40.025"/>
</kw>
<kw name="Close Browser" library="SeleniumLibrary">
<doc>Closes the current browser.</doc>
<status status="PASS" starttime="20230606 23:04:40.026" endtime="20230606 23:04:40.593"/>
</kw>
<status status="PASS" starttime="20230606 23:04:17.763" endtime="20230606 23:04:40.593"/>
</kw>
<kw name="Search Data" library="keyword">
<arg>0</arg>
<arg>1</arg>
<arg>0</arg>
<kw name="OpenWebBrowser" library="keyword">
<kw name="Open Browser" library="SeleniumLibrary">
<arg>${url}</arg>
<arg>${browser}</arg>
<doc>Opens a new browser instance to the optional ``url``.</doc>
<msg timestamp="20230606 23:04:40.595" level="INFO">Opening browser 'gc' to base url 'https://automate-test.stpb-digital.com/login/'.</msg>
<msg timestamp="20230606 23:04:40.596" level="INFO">Applicable driver not found; attempting to install with Selenium Manager (Beta)</msg>
<status status="PASS" starttime="20230606 23:04:40.594" endtime="20230606 23:04:43.259"/>
</kw>
<kw name="Maximize Browser Window" library="SeleniumLibrary">
<doc>Maximizes current browser window.</doc>
<status status="PASS" starttime="20230606 23:04:43.259" endtime="20230606 23:04:44.238"/>
</kw>
<kw name="Wait Until Element Is Visible" library="SeleniumLibrary">
<arg>${locator_email}</arg>
<doc>Waits until the element ``locator`` is visible.</doc>
<status status="PASS" starttime="20230606 23:04:44.238" endtime="20230606 23:04:45.283"/>
</kw>
<kw name="Input Text" library="SeleniumLibrary">
<arg>${locator_email}</arg>
<arg>user.test@krupbeam.com</arg>
<doc>Types the given ``text`` into the text field identified by ``locator``.</doc>
<msg timestamp="20230606 23:04:45.285" level="INFO">Typing text 'user.test@krupbeam.com' into text field 'id=email'.</msg>
<status status="PASS" starttime="20230606 23:04:45.283" endtime="20230606 23:04:46.965"/>
</kw>
<kw name="Input Text" library="SeleniumLibrary">
<arg>${locator_password}</arg>
<arg>123456789</arg>
<doc>Types the given ``text`` into the text field identified by ``locator``.</doc>
<msg timestamp="20230606 23:04:46.968" level="INFO">Typing text '123456789' into text field 'name=password'.</msg>
<status status="PASS" starttime="20230606 23:04:46.966" endtime="20230606 23:04:48.593"/>
</kw>
<kw name="Click Element" library="SeleniumLibrary">
<arg>${locatot_btn_login}</arg>
<doc>Click the element identified by ``locator``.</doc>
<msg timestamp="20230606 23:04:48.595" level="INFO">Clicking element 'id=btn-login'.</msg>
<status status="PASS" starttime="20230606 23:04:48.593" endtime="20230606 23:04:49.698"/>
</kw>
<kw name="Wait Until Page Contains" library="SeleniumLibrary">
<arg>Search Filters</arg>
<doc>Waits until ``text`` appears on the current page.</doc>
<status status="PASS" starttime="20230606 23:04:49.698" endtime="20230606 23:04:50.210"/>
</kw>
<kw name="Wait Until Element Is Visible" library="SeleniumLibrary">
<arg>${locator_search_role}</arg>
<doc>Waits until the element ``locator`` is visible.</doc>
<status status="PASS" starttime="20230606 23:04:50.211" endtime="20230606 23:04:51.261"/>
</kw>
<kw name="Wait Until Element Is Visible" library="SeleniumLibrary">
<arg>${locator_search_plan}</arg>
<doc>Waits until the element ``locator`` is visible.</doc>
<status status="PASS" starttime="20230606 23:04:51.261" endtime="20230606 23:04:52.303"/>
</kw>
<kw name="Wait Until Element Is Visible" library="SeleniumLibrary">
<arg>${locator_search_status}</arg>
<doc>Waits until the element ``locator`` is visible.</doc>
<status status="PASS" starttime="20230606 23:04:52.304" endtime="20230606 23:04:53.349"/>
</kw>
<kw name="Wait Until Element Is Visible" library="SeleniumLibrary">
<arg>${locatorr_btn_search}</arg>
<doc>Waits until the element ``locator`` is visible.</doc>
<status status="PASS" starttime="20230606 23:04:53.349" endtime="20230606 23:04:54.390"/>
</kw>
<status status="PASS" starttime="20230606 23:04:40.594" endtime="20230606 23:04:54.391"/>
</kw>
<if>
<branch type="IF" condition="${role} == 1">
<kw name="Seach role" library="keyword">
<status status="NOT RUN" starttime="20230606 23:04:54.391" endtime="20230606 23:04:54.392"/>
</kw>
<status status="NOT RUN" starttime="20230606 23:04:54.391" endtime="20230606 23:04:54.392"/>
</branch>
<status status="PASS" starttime="20230606 23:04:54.391" endtime="20230606 23:04:54.392"/>
</if>
<if>
<branch type="IF" condition="${plan} == 1">
<kw name="Search plan" library="keyword">
<kw name="Click Element" library="SeleniumLibrary">
<arg>${locator_search_plan}</arg>
<doc>Click the element identified by ``locator``.</doc>
<msg timestamp="20230606 23:04:54.394" level="INFO">Clicking element 'id=select-plan'.</msg>
<status status="PASS" starttime="20230606 23:04:54.393" endtime="20230606 23:04:55.470"/>
</kw>
<kw name="Wait Until Element Is Visible" library="SeleniumLibrary">
<arg>${locator_search_plan_list}</arg>
<arg>5s</arg>
<doc>Waits until the element ``locator`` is visible.</doc>
<status status="PASS" starttime="20230606 23:04:55.470" endtime="20230606 23:04:56.503"/>
</kw>
<kw name="Click Element" library="SeleniumLibrary">
<arg>${locator_search_plan_list}</arg>
<doc>Click the element identified by ``locator``.</doc>
<msg timestamp="20230606 23:04:56.504" level="INFO">Clicking element 'id=option-select-plan-1'.</msg>
<status status="PASS" starttime="20230606 23:04:56.503" endtime="20230606 23:04:57.570"/>
</kw>
<status status="PASS" starttime="20230606 23:04:54.392" endtime="20230606 23:04:57.570"/>
</kw>
<status status="PASS" starttime="20230606 23:04:54.392" endtime="20230606 23:04:57.570"/>
</branch>
<status status="PASS" starttime="20230606 23:04:54.392" endtime="20230606 23:04:57.570"/>
</if>
<if>
<branch type="IF" condition="${status} == 1">
<kw name="Search status" library="keyword">
<status status="NOT RUN" starttime="20230606 23:04:57.571" endtime="20230606 23:04:57.571"/>
</kw>
<status status="NOT RUN" starttime="20230606 23:04:57.570" endtime="20230606 23:04:57.571"/>
</branch>
<status status="PASS" starttime="20230606 23:04:57.570" endtime="20230606 23:04:57.571"/>
</if>
<kw name="Click Element" library="SeleniumLibrary">
<arg>${locatorr_btn_search}</arg>
<doc>Click the element identified by ``locator``.</doc>
<msg timestamp="20230606 23:04:57.571" level="INFO">Clicking element 'id=btn-search'.</msg>
<status status="PASS" starttime="20230606 23:04:57.571" endtime="20230606 23:04:58.640"/>
</kw>
<kw name="Wait Until Element Is Not Visible" library="SeleniumLibrary">
<arg>${locator_no_role}</arg>
<doc>Waits until the element ``locator`` is not visible.</doc>
<status status="PASS" starttime="20230606 23:04:58.641" endtime="20230606 23:04:59.680"/>
</kw>
<kw name="Close Browser" library="SeleniumLibrary">
<doc>Closes the current browser.</doc>
<status status="PASS" starttime="20230606 23:04:59.680" endtime="20230606 23:05:00.249"/>
</kw>
<status status="PASS" starttime="20230606 23:04:40.594" endtime="20230606 23:05:00.249"/>
</kw>
<kw name="Search Data" library="keyword">
<arg>0</arg>
<arg>0</arg>
<arg>1</arg>
<kw name="OpenWebBrowser" library="keyword">
<kw name="Open Browser" library="SeleniumLibrary">
<arg>${url}</arg>
<arg>${browser}</arg>
<doc>Opens a new browser instance to the optional ``url``.</doc>
<msg timestamp="20230606 23:05:00.256" level="INFO">Opening browser 'gc' to base url 'https://automate-test.stpb-digital.com/login/'.</msg>
<msg timestamp="20230606 23:05:00.257" level="INFO">Applicable driver not found; attempting to install with Selenium Manager (Beta)</msg>
<status status="PASS" starttime="20230606 23:05:00.251" endtime="20230606 23:05:02.815"/>
</kw>
<kw name="Maximize Browser Window" library="SeleniumLibrary">
<doc>Maximizes current browser window.</doc>
<status status="PASS" starttime="20230606 23:05:02.815" endtime="20230606 23:05:03.730"/>
</kw>
<kw name="Wait Until Element Is Visible" library="SeleniumLibrary">
<arg>${locator_email}</arg>
<doc>Waits until the element ``locator`` is visible.</doc>
<status status="PASS" starttime="20230606 23:05:03.731" endtime="20230606 23:05:04.781"/>
</kw>
<kw name="Input Text" library="SeleniumLibrary">
<arg>${locator_email}</arg>
<arg>user.test@krupbeam.com</arg>
<doc>Types the given ``text`` into the text field identified by ``locator``.</doc>
<msg timestamp="20230606 23:05:04.784" level="INFO">Typing text 'user.test@krupbeam.com' into text field 'id=email'.</msg>
<status status="PASS" starttime="20230606 23:05:04.782" endtime="20230606 23:05:06.481"/>
</kw>
<kw name="Input Text" library="SeleniumLibrary">
<arg>${locator_password}</arg>
<arg>123456789</arg>
<doc>Types the given ``text`` into the text field identified by ``locator``.</doc>
<msg timestamp="20230606 23:05:06.483" level="INFO">Typing text '123456789' into text field 'name=password'.</msg>
<status status="PASS" starttime="20230606 23:05:06.482" endtime="20230606 23:05:08.098"/>
</kw>
<kw name="Click Element" library="SeleniumLibrary">
<arg>${locatot_btn_login}</arg>
<doc>Click the element identified by ``locator``.</doc>
<msg timestamp="20230606 23:05:08.100" level="INFO">Clicking element 'id=btn-login'.</msg>
<status status="PASS" starttime="20230606 23:05:08.099" endtime="20230606 23:05:09.194"/>
</kw>
<kw name="Wait Until Page Contains" library="SeleniumLibrary">
<arg>Search Filters</arg>
<doc>Waits until ``text`` appears on the current page.</doc>
<status status="PASS" starttime="20230606 23:05:09.195" endtime="20230606 23:05:10.441"/>
</kw>
<kw name="Wait Until Element Is Visible" library="SeleniumLibrary">
<arg>${locator_search_role}</arg>
<doc>Waits until the element ``locator`` is visible.</doc>
<status status="PASS" starttime="20230606 23:05:10.441" endtime="20230606 23:05:11.488"/>
</kw>
<kw name="Wait Until Element Is Visible" library="SeleniumLibrary">
<arg>${locator_search_plan}</arg>
<doc>Waits until the element ``locator`` is visible.</doc>
<status status="PASS" starttime="20230606 23:05:11.488" endtime="20230606 23:05:12.533"/>
</kw>
<kw name="Wait Until Element Is Visible" library="SeleniumLibrary">
<arg>${locator_search_status}</arg>
<doc>Waits until the element ``locator`` is visible.</doc>
<status status="PASS" starttime="20230606 23:05:12.533" endtime="20230606 23:05:13.577"/>
</kw>
<kw name="Wait Until Element Is Visible" library="SeleniumLibrary">
<arg>${locatorr_btn_search}</arg>
<doc>Waits until the element ``locator`` is visible.</doc>
<status status="PASS" starttime="20230606 23:05:13.577" endtime="20230606 23:05:14.616"/>
</kw>
<status status="PASS" starttime="20230606 23:05:00.251" endtime="20230606 23:05:14.617"/>
</kw>
<if>
<branch type="IF" condition="${role} == 1">
<kw name="Seach role" library="keyword">
<status status="NOT RUN" starttime="20230606 23:05:14.618" endtime="20230606 23:05:14.618"/>
</kw>
<status status="NOT RUN" starttime="20230606 23:05:14.617" endtime="20230606 23:05:14.618"/>
</branch>
<status status="PASS" starttime="20230606 23:05:14.617" endtime="20230606 23:05:14.618"/>
</if>
<if>
<branch type="IF" condition="${plan} == 1">
<kw name="Search plan" library="keyword">
<status status="NOT RUN" starttime="20230606 23:05:14.618" endtime="20230606 23:05:14.618"/>
</kw>
<status status="NOT RUN" starttime="20230606 23:05:14.618" endtime="20230606 23:05:14.618"/>
</branch>
<status status="PASS" starttime="20230606 23:05:14.618" endtime="20230606 23:05:14.618"/>
</if>
<if>
<branch type="IF" condition="${status} == 1">
<kw name="Search status" library="keyword">
<kw name="Click Element" library="SeleniumLibrary">
<arg>${locator_search_status}</arg>
<doc>Click the element identified by ``locator``.</doc>
<msg timestamp="20230606 23:05:14.622" level="INFO">Clicking element 'id=select-status'.</msg>
<status status="PASS" starttime="20230606 23:05:14.620" endtime="20230606 23:05:15.664"/>
</kw>
<kw name="Wait Until Element Is Visible" library="SeleniumLibrary">
<arg>${locator_search_status_list}</arg>
<arg>5s</arg>
<doc>Waits until the element ``locator`` is visible.</doc>
<status status="PASS" starttime="20230606 23:05:15.664" endtime="20230606 23:05:16.703"/>
</kw>
<kw name="Click Element" library="SeleniumLibrary">
<arg>${locator_search_status_list}</arg>
<doc>Click the element identified by ``locator``.</doc>
<msg timestamp="20230606 23:05:16.705" level="INFO">Clicking element 'id=option-select-status-1'.</msg>
<status status="PASS" starttime="20230606 23:05:16.704" endtime="20230606 23:05:17.782"/>
</kw>
<status status="PASS" starttime="20230606 23:05:14.619" endtime="20230606 23:05:17.782"/>
</kw>
<status status="PASS" starttime="20230606 23:05:14.619" endtime="20230606 23:05:17.783"/>
</branch>
<status status="PASS" starttime="20230606 23:05:14.619" endtime="20230606 23:05:17.783"/>
</if>
<kw name="Click Element" library="SeleniumLibrary">
<arg>${locatorr_btn_search}</arg>
<doc>Click the element identified by ``locator``.</doc>
<msg timestamp="20230606 23:05:17.784" level="INFO">Clicking element 'id=btn-search'.</msg>
<status status="PASS" starttime="20230606 23:05:17.783" endtime="20230606 23:05:18.874"/>
</kw>
<kw name="Wait Until Element Is Not Visible" library="SeleniumLibrary">
<arg>${locator_no_role}</arg>
<doc>Waits until the element ``locator`` is not visible.</doc>
<status status="PASS" starttime="20230606 23:05:18.875" endtime="20230606 23:05:19.920"/>
</kw>
<kw name="Close Browser" library="SeleniumLibrary">
<doc>Closes the current browser.</doc>
<status status="PASS" starttime="20230606 23:05:19.920" endtime="20230606 23:05:20.491"/>
</kw>
<status status="PASS" starttime="20230606 23:05:00.250" endtime="20230606 23:05:20.492"/>
</kw>
<doc>กรณีค้นหาข้อมูล</doc>
<tag>Pass</tag>
<status status="PASS" starttime="20230606 23:02:52.647" endtime="20230606 23:05:20.492"/>
</test>
<test id="s1-t2" name="TC-No Data" line="24">
<kw name="OpenWebBrowser" library="keyword" type="SETUP">
<kw name="Open Browser" library="SeleniumLibrary">
<arg>${url}</arg>
<arg>${browser}</arg>
<doc>Opens a new browser instance to the optional ``url``.</doc>
<msg timestamp="20230606 23:05:20.496" level="INFO">Opening browser 'gc' to base url 'https://automate-test.stpb-digital.com/login/'.</msg>
<msg timestamp="20230606 23:05:20.497" level="INFO">Applicable driver not found; attempting to install with Selenium Manager (Beta)</msg>
<status status="PASS" starttime="20230606 23:05:20.495" endtime="20230606 23:05:23.138"/>
</kw>
<kw name="Maximize Browser Window" library="SeleniumLibrary">
<doc>Maximizes current browser window.</doc>
<status status="PASS" starttime="20230606 23:05:23.139" endtime="20230606 23:05:24.046"/>
</kw>
<kw name="Wait Until Element Is Visible" library="SeleniumLibrary">
<arg>${locator_email}</arg>
<doc>Waits until the element ``locator`` is visible.</doc>
<status status="PASS" starttime="20230606 23:05:24.047" endtime="20230606 23:05:25.100"/>
</kw>
<kw name="Input Text" library="SeleniumLibrary">
<arg>${locator_email}</arg>
<arg>user.test@krupbeam.com</arg>
<doc>Types the given ``text`` into the text field identified by ``locator``.</doc>
<msg timestamp="20230606 23:05:25.102" level="INFO">Typing text 'user.test@krupbeam.com' into text field 'id=email'.</msg>
<status status="PASS" starttime="20230606 23:05:25.100" endtime="20230606 23:05:26.808"/>
</kw>
<kw name="Input Text" library="SeleniumLibrary">
<arg>${locator_password}</arg>
<arg>123456789</arg>
<doc>Types the given ``text`` into the text field identified by ``locator``.</doc>
<msg timestamp="20230606 23:05:26.810" level="INFO">Typing text '123456789' into text field 'name=password'.</msg>
<status status="PASS" starttime="20230606 23:05:26.809" endtime="20230606 23:05:28.435"/>
</kw>
<kw name="Click Element" library="SeleniumLibrary">
<arg>${locatot_btn_login}</arg>
<doc>Click the element identified by ``locator``.</doc>
<msg timestamp="20230606 23:05:28.437" level="INFO">Clicking element 'id=btn-login'.</msg>
<status status="PASS" starttime="20230606 23:05:28.435" endtime="20230606 23:05:29.536"/>
</kw>
<kw name="Wait Until Page Contains" library="SeleniumLibrary">
<arg>Search Filters</arg>
<doc>Waits until ``text`` appears on the current page.</doc>
<status status="PASS" starttime="20230606 23:05:29.536" endtime="20230606 23:05:30.047"/>
</kw>
<kw name="Wait Until Element Is Visible" library="SeleniumLibrary">
<arg>${locator_search_role}</arg>
<doc>Waits until the element ``locator`` is visible.</doc>
<status status="PASS" starttime="20230606 23:05:30.048" endtime="20230606 23:05:31.094"/>
</kw>
<kw name="Wait Until Element Is Visible" library="SeleniumLibrary">
<arg>${locator_search_plan}</arg>
<doc>Waits until the element ``locator`` is visible.</doc>
<status status="PASS" starttime="20230606 23:05:31.095" endtime="20230606 23:05:32.136"/>
</kw>
<kw name="Wait Until Element Is Visible" library="SeleniumLibrary">
<arg>${locator_search_status}</arg>
<doc>Waits until the element ``locator`` is visible.</doc>
<status status="PASS" starttime="20230606 23:05:32.137" endtime="20230606 23:05:33.179"/>
</kw>
<kw name="Wait Until Element Is Visible" library="SeleniumLibrary">
<arg>${locatorr_btn_search}</arg>
<doc>Waits until the element ``locator`` is visible.</doc>
<status status="PASS" starttime="20230606 23:05:33.179" endtime="20230606 23:05:34.223"/>
</kw>
<status status="PASS" starttime="20230606 23:05:20.495" endtime="20230606 23:05:34.224"/>
</kw>
<kw name="Srearch Data - no role" library="keyword">
<kw name="Click Element" library="SeleniumLibrary">
<arg>${locator_search_role}</arg>
<doc>Click the element identified by ``locator``.</doc>
<msg timestamp="20230606 23:05:34.227" level="INFO">Clicking element 'id=select-role'.</msg>
<status status="PASS" starttime="20230606 23:05:34.225" endtime="20230606 23:05:35.296"/>
</kw>
<kw name="Wait Until Element Is Visible" library="SeleniumLibrary">
<arg>id=option-select-role-2</arg>
<doc>Waits until the element ``locator`` is visible.</doc>
<status status="PASS" starttime="20230606 23:05:35.296" endtime="20230606 23:05:36.322"/>
</kw>
<kw name="Click Element" library="SeleniumLibrary">
<arg>id=option-select-role-2</arg>
<doc>Click the element identified by ``locator``.</doc>
<msg timestamp="20230606 23:05:36.325" level="INFO">Clicking element 'id=option-select-role-2'.</msg>
<status status="PASS" starttime="20230606 23:05:36.323" endtime="20230606 23:05:37.406"/>
</kw>
<kw name="Click Element" library="SeleniumLibrary">
<arg>${locator_search_plan}</arg>
<doc>Click the element identified by ``locator``.</doc>
<msg timestamp="20230606 23:05:37.408" level="INFO">Clicking element 'id=select-plan'.</msg>
<status status="PASS" starttime="20230606 23:05:37.407" endtime="20230606 23:05:38.474"/>
</kw>
<kw name="Wait Until Element Is Visible" library="SeleniumLibrary">
<arg>id=option-select-plan-1</arg>
<doc>Waits until the element ``locator`` is visible.</doc>
<status status="PASS" starttime="20230606 23:05:38.474" endtime="20230606 23:05:39.511"/>
</kw>
<kw name="Click Element" library="SeleniumLibrary">
<arg>id=option-select-plan-1</arg>
<doc>Click the element identified by ``locator``.</doc>
<msg timestamp="20230606 23:05:39.513" level="INFO">Clicking element 'id=option-select-plan-1'.</msg>
<status status="PASS" starttime="20230606 23:05:39.511" endtime="20230606 23:05:40.588"/>
</kw>
<kw name="Click Element" library="SeleniumLibrary">
<arg>${locatorr_btn_search}</arg>
<doc>Click the element identified by ``locator``.</doc>
<msg timestamp="20230606 23:05:40.590" level="INFO">Clicking element 'id=btn-search'.</msg>
<status status="PASS" starttime="20230606 23:05:40.589" endtime="20230606 23:05:41.667"/>
</kw>
<kw name="Wait Until Element Is Visible" library="SeleniumLibrary">
<arg>${locator_no_role}</arg>
<doc>Waits until the element ``locator`` is visible.</doc>
<status status="PASS" starttime="20230606 23:05:41.668" endtime="20230606 23:05:42.712"/>
</kw>
<status status="PASS" starttime="20230606 23:05:34.225" endtime="20230606 23:05:42.712"/>
</kw>
<kw name="Close Browser" library="SeleniumLibrary" type="TEARDOWN">
<doc>Closes the current browser.</doc>
<status status="PASS" starttime="20230606 23:05:42.713" endtime="20230606 23:05:43.286"/>
</kw>
<doc>กรณีค้นหาข้อมูล</doc>
<tag>Data</tag>
<tag>Empty</tag>
<status status="PASS" starttime="20230606 23:05:20.493" endtime="20230606 23:05:43.286"/>
</test>
<test id="s1-t3" name="TC-Clear Data" line="29">
<kw name="OpenWebBrowser" library="keyword" type="SETUP">
<kw name="Open Browser" library="SeleniumLibrary">
<arg>${url}</arg>
<arg>${browser}</arg>
<doc>Opens a new browser instance to the optional ``url``.</doc>
<msg timestamp="20230606 23:05:43.291" level="INFO">Opening browser 'gc' to base url 'https://automate-test.stpb-digital.com/login/'.</msg>
<msg timestamp="20230606 23:05:43.292" level="INFO">Applicable driver not found; attempting to install with Selenium Manager (Beta)</msg>
<status status="PASS" starttime="20230606 23:05:43.289" endtime="20230606 23:05:45.873"/>
</kw>
<kw name="Maximize Browser Window" library="SeleniumLibrary">
<doc>Maximizes current browser window.</doc>
<status status="PASS" starttime="20230606 23:05:45.874" endtime="20230606 23:05:46.789"/>
</kw>
<kw name="Wait Until Element Is Visible" library="SeleniumLibrary">
<arg>${locator_email}</arg>
<doc>Waits until the element ``locator`` is visible.</doc>
<status status="PASS" starttime="20230606 23:05:46.789" endtime="20230606 23:05:47.839"/>
</kw>
<kw name="Input Text" library="SeleniumLibrary">
<arg>${locator_email}</arg>
<arg>user.test@krupbeam.com</arg>
<doc>Types the given ``text`` into the text field identified by ``locator``.</doc>
<msg timestamp="20230606 23:05:47.841" level="INFO">Typing text 'user.test@krupbeam.com' into text field 'id=email'.</msg>
<status status="PASS" starttime="20230606 23:05:47.840" endtime="20230606 23:05:49.508"/>
</kw>
<kw name="Input Text" library="SeleniumLibrary">
<arg>${locator_password}</arg>
<arg>123456789</arg>
<doc>Types the given ``text`` into the text field identified by ``locator``.</doc>
<msg timestamp="20230606 23:05:49.510" level="INFO">Typing text '123456789' into text field 'name=password'.</msg>
<status status="PASS" starttime="20230606 23:05:49.508" endtime="20230606 23:05:51.128"/>
</kw>
<kw name="Click Element" library="SeleniumLibrary">
<arg>${locatot_btn_login}</arg>
<doc>Click the element identified by ``locator``.</doc>
<msg timestamp="20230606 23:05:51.130" level="INFO">Clicking element 'id=btn-login'.</msg>
<status status="PASS" starttime="20230606 23:05:51.129" endtime="20230606 23:05:52.230"/>
</kw>
<kw name="Wait Until Page Contains" library="SeleniumLibrary">
<arg>Search Filters</arg>
<doc>Waits until ``text`` appears on the current page.</doc>
<status status="PASS" starttime="20230606 23:05:52.230" endtime="20230606 23:05:52.745"/>
</kw>
<kw name="Wait Until Element Is Visible" library="SeleniumLibrary">
<arg>${locator_search_role}</arg>
<doc>Waits until the element ``locator`` is visible.</doc>
<status status="PASS" starttime="20230606 23:05:52.746" endtime="20230606 23:05:53.792"/>
</kw>
<kw name="Wait Until Element Is Visible" library="SeleniumLibrary">
<arg>${locator_search_plan}</arg>
<doc>Waits until the element ``locator`` is visible.</doc>
<status status="PASS" starttime="20230606 23:05:53.793" endtime="20230606 23:05:54.834"/>
</kw>
<kw name="Wait Until Element Is Visible" library="SeleniumLibrary">
<arg>${locator_search_status}</arg>
<doc>Waits until the element ``locator`` is visible.</doc>
<status status="PASS" starttime="20230606 23:05:54.834" endtime="20230606 23:05:55.876"/>
</kw>
<kw name="Wait Until Element Is Visible" library="SeleniumLibrary">
<arg>${locatorr_btn_search}</arg>
<doc>Waits until the element ``locator`` is visible.</doc>
<status status="PASS" starttime="20230606 23:05:55.877" endtime="20230606 23:05:56.923"/>
</kw>
<status status="PASS" starttime="20230606 23:05:43.289" endtime="20230606 23:05:56.923"/>
</kw>
<kw name="Clear Data" library="keyword">
<kw name="Click Element" library="SeleniumLibrary">
<arg>${locatorr_btn_search}</arg>
<doc>Click the element identified by ``locator``.</doc>
<msg timestamp="20230606 23:05:56.926" level="INFO">Clicking element 'id=btn-search'.</msg>
<status status="PASS" starttime="20230606 23:05:56.925" endtime="20230606 23:05:58.025"/>
</kw>
<kw name="Wait Until Element Is Not Visible" library="SeleniumLibrary">
<arg>${locator_no_role}</arg>
<doc>Waits until the element ``locator`` is not visible.</doc>
<status status="PASS" starttime="20230606 23:05:58.025" endtime="20230606 23:05:59.060"/>
</kw>
<kw name="Click Element" library="SeleniumLibrary">
<arg>${locator_btn_clear}</arg>
<doc>Click the element identified by ``locator``.</doc>
<msg timestamp="20230606 23:05:59.061" level="INFO">Clicking element 'id=btn-clear'.</msg>
<status status="PASS" starttime="20230606 23:05:59.060" endtime="20230606 23:06:00.124"/>
</kw>
<kw name="Wait Until Element Is Visible" library="SeleniumLibrary">
<arg>${locator_no_role}</arg>
<doc>Waits until the element ``locator`` is visible.</doc>
<status status="PASS" starttime="20230606 23:06:00.125" endtime="20230606 23:06:01.168"/>
</kw>
<status status="PASS" starttime="20230606 23:05:56.924" endtime="20230606 23:06:01.169"/>
</kw>
<kw name="Close Browser" library="SeleniumLibrary" type="TEARDOWN">
<doc>Closes the current browser.</doc>
<status status="PASS" starttime="20230606 23:06:01.170" endtime="20230606 23:06:01.744"/>
</kw>
<doc>กรณีเคลียร์ข้อมูล</doc>
<tag>Pass</tag>
<status status="PASS" starttime="20230606 23:05:43.287" endtime="20230606 23:06:01.744"/>
</test>
<test id="s1-t4" name="TC-Next Page" line="34">
<kw name="OpenWebBrowser" library="keyword" type="SETUP">
<kw name="Open Browser" library="SeleniumLibrary">
<arg>${url}</arg>
<arg>${browser}</arg>
<doc>Opens a new browser instance to the optional ``url``.</doc>
<msg timestamp="20230606 23:06:01.749" level="INFO">Opening browser 'gc' to base url 'https://automate-test.stpb-digital.com/login/'.</msg>
<msg timestamp="20230606 23:06:01.750" level="INFO">Applicable driver not found; attempting to install with Selenium Manager (Beta)</msg>
<status status="PASS" starttime="20230606 23:06:01.748" endtime="20230606 23:06:04.408"/>
</kw>
<kw name="Maximize Browser Window" library="SeleniumLibrary">
<doc>Maximizes current browser window.</doc>
<status status="PASS" starttime="20230606 23:06:04.408" endtime="20230606 23:06:05.320"/>
</kw>
<kw name="Wait Until Element Is Visible" library="SeleniumLibrary">
<arg>${locator_email}</arg>
<doc>Waits until the element ``locator`` is visible.</doc>
<status status="PASS" starttime="20230606 23:06:05.320" endtime="20230606 23:06:06.361"/>
</kw>
<kw name="Input Text" library="SeleniumLibrary">
<arg>${locator_email}</arg>
<arg>user.test@krupbeam.com</arg>
<doc>Types the given ``text`` into the text field identified by ``locator``.</doc>
<msg timestamp="20230606 23:06:06.363" level="INFO">Typing text 'user.test@krupbeam.com' into text field 'id=email'.</msg>
<status status="PASS" starttime="20230606 23:06:06.361" endtime="20230606 23:06:08.066"/>
</kw>
<kw name="Input Text" library="SeleniumLibrary">
<arg>${locator_password}</arg>
<arg>123456789</arg>
<doc>Types the given ``text`` into the text field identified by ``locator``.</doc>
<msg timestamp="20230606 23:06:08.067" level="INFO">Typing text '123456789' into text field 'name=password'.</msg>
<status status="PASS" starttime="20230606 23:06:08.066" endtime="20230606 23:06:09.693"/>
</kw>
<kw name="Click Element" library="SeleniumLibrary">
<arg>${locatot_btn_login}</arg>
<doc>Click the element identified by ``locator``.</doc>
<msg timestamp="20230606 23:06:09.695" level="INFO">Clicking element 'id=btn-login'.</msg>
<status status="PASS" starttime="20230606 23:06:09.693" endtime="20230606 23:06:10.793"/>
</kw>
<kw name="Wait Until Page Contains" library="SeleniumLibrary">
<arg>Search Filters</arg>
<doc>Waits until ``text`` appears on the current page.</doc>
<status status="PASS" starttime="20230606 23:06:10.793" endtime="20230606 23:06:11.307"/>
</kw>
<kw name="Wait Until Element Is Visible" library="SeleniumLibrary">
<arg>${locator_search_role}</arg>
<doc>Waits until the element ``locator`` is visible.</doc>
<status status="PASS" starttime="20230606 23:06:11.308" endtime="20230606 23:06:12.357"/>
</kw>
<kw name="Wait Until Element Is Visible" library="SeleniumLibrary">
<arg>${locator_search_plan}</arg>
<doc>Waits until the element ``locator`` is visible.</doc>
<status status="PASS" starttime="20230606 23:06:12.358" endtime="20230606 23:06:13.403"/>
</kw>
<kw name="Wait Until Element Is Visible" library="SeleniumLibrary">
<arg>${locator_search_status}</arg>
<doc>Waits until the element ``locator`` is visible.</doc>
<status status="PASS" starttime="20230606 23:06:13.404" endtime="20230606 23:06:14.443"/>
</kw>
<kw name="Wait Until Element Is Visible" library="SeleniumLibrary">
<arg>${locatorr_btn_search}</arg>
<doc>Waits until the element ``locator`` is visible.</doc>
<status status="PASS" starttime="20230606 23:06:14.443" endtime="20230606 23:06:15.482"/>
</kw>
<status status="PASS" starttime="20230606 23:06:01.748" endtime="20230606 23:06:15.482"/>
</kw>
<kw name="Next page" library="keyword">
<kw name="Click Element" library="SeleniumLibrary">
<arg>${locatorr_btn_search}</arg>
<doc>Click the element identified by ``locator``.</doc>
<msg timestamp="20230606 23:06:15.485" level="INFO">Clicking element 'id=btn-search'.</msg>
<status status="PASS" starttime="20230606 23:06:15.484" endtime="20230606 23:06:16.575"/>
</kw>
<kw name="Wait Until Element Is Not Visible" library="SeleniumLibrary">
<arg>${locator_no_role}</arg>
<doc>Waits until the element ``locator`` is not visible.</doc>
<status status="PASS" starttime="20230606 23:06:16.575" endtime="20230606 23:06:17.606"/>
</kw>
<kw name="Wait Until Element Is Visible" library="SeleniumLibrary">
<arg>xpath=//*[@id="__next"]/div[1]/div[2]/main/div/div[2]/div/div[2]/div[3]/div/div[2]/div/p[2]</arg>
<doc>Waits until the element ``locator`` is visible.</doc>
<status status="PASS" starttime="20230606 23:06:17.606" endtime="20230606 23:06:18.652"/>
</kw>
<kw name="Click Element" library="SeleniumLibrary">
<arg>${locator_next_page}</arg>
<doc>Click the element identified by ``locator``.</doc>
<msg timestamp="20230606 23:06:18.654" level="INFO">Clicking element 'xpath=//*[@id="__next"]/div[1]/div[2]/main/div/div[2]/div/div[2]/div[3]/div/div[2]/div/div[3]/button[2]'.</msg>
<status status="PASS" starttime="20230606 23:06:18.653" endtime="20230606 23:06:19.764"/>
</kw>
<kw name="Wait Until Element Is Visible" library="SeleniumLibrary">
<arg>xpath=//*[@id="__next"]/div[1]/div[2]/main/div/div[2]/div/div[2]/div[3]/div/div[2]/div/p[2]</arg>
<doc>Waits until the element ``locator`` is visible.</doc>
<status status="PASS" starttime="20230606 23:06:19.764" endtime="20230606 23:06:20.801"/>
</kw>
<status status="PASS" starttime="20230606 23:06:15.483" endtime="20230606 23:06:20.802"/>
</kw>
<kw name="Close Browser" library="SeleniumLibrary" type="TEARDOWN">
<doc>Closes the current browser.</doc>
<status status="PASS" starttime="20230606 23:06:20.802" endtime="20230606 23:06:21.373"/>
</kw>
<doc>กรณีมีข้อมูลมากกว่า 10 รายการสามารถกดไปหน้าถัดไปได้</doc>
<tag>Pass</tag>
<status status="PASS" starttime="20230606 23:06:01.746" endtime="20230606 23:06:21.374"/>
</test>
<test id="s1-t5" name="TC-Rows per page" line="39">
<kw name="OpenWebBrowser" library="keyword" type="SETUP">
<kw name="Open Browser" library="SeleniumLibrary">
<arg>${url}</arg>
<arg>${browser}</arg>
<doc>Opens a new browser instance to the optional ``url``.</doc>
<msg timestamp="20230606 23:06:21.379" level="INFO">Opening browser 'gc' to base url 'https://automate-test.stpb-digital.com/login/'.</msg>
<msg timestamp="20230606 23:06:21.380" level="INFO">Applicable driver not found; attempting to install with Selenium Manager (Beta)</msg>
<status status="PASS" starttime="20230606 23:06:21.378" endtime="20230606 23:06:23.935"/>
</kw>
<kw name="Maximize Browser Window" library="SeleniumLibrary">
<doc>Maximizes current browser window.</doc>
<status status="PASS" starttime="20230606 23:06:23.935" endtime="20230606 23:06:24.848"/>
</kw>
<kw name="Wait Until Element Is Visible" library="SeleniumLibrary">
<arg>${locator_email}</arg>
<doc>Waits until the element ``locator`` is visible.</doc>
<status status="PASS" starttime="20230606 23:06:24.849" endtime="20230606 23:06:25.894"/>
</kw>
<kw name="Input Text" library="SeleniumLibrary">
<arg>${locator_email}</arg>
<arg>user.test@krupbeam.com</arg>
<doc>Types the given ``text`` into the text field identified by ``locator``.</doc>
<msg timestamp="20230606 23:06:25.896" level="INFO">Typing text 'user.test@krupbeam.com' into text field 'id=email'.</msg>
<status status="PASS" starttime="20230606 23:06:25.894" endtime="20230606 23:06:27.578"/>
</kw>
<kw name="Input Text" library="SeleniumLibrary">
<arg>${locator_password}</arg>
<arg>123456789</arg>
<doc>Types the given ``text`` into the text field identified by ``locator``.</doc>
<msg timestamp="20230606 23:06:27.580" level="INFO">Typing text '123456789' into text field 'name=password'.</msg>
<status status="PASS" starttime="20230606 23:06:27.579" endtime="20230606 23:06:29.188"/>
</kw>
<kw name="Click Element" library="SeleniumLibrary">
<arg>${locatot_btn_login}</arg>
<doc>Click the element identified by ``locator``.</doc>
<msg timestamp="20230606 23:06:29.190" level="INFO">Clicking element 'id=btn-login'.</msg>
<status status="PASS" starttime="20230606 23:06:29.188" endtime="20230606 23:06:30.279"/>
</kw>
<kw name="Wait Until Page Contains" library="SeleniumLibrary">
<arg>Search Filters</arg>
<doc>Waits until ``text`` appears on the current page.</doc>
<status status="PASS" starttime="20230606 23:06:30.279" endtime="20230606 23:06:30.795"/>
</kw>
<kw name="Wait Until Element Is Visible" library="SeleniumLibrary">
<arg>${locator_search_role}</arg>
<doc>Waits until the element ``locator`` is visible.</doc>
<status status="PASS" starttime="20230606 23:06:30.795" endtime="20230606 23:06:31.842"/>
</kw>
<kw name="Wait Until Element Is Visible" library="SeleniumLibrary">
<arg>${locator_search_plan}</arg>
<doc>Waits until the element ``locator`` is visible.</doc>
<status status="PASS" starttime="20230606 23:06:31.843" endtime="20230606 23:06:32.888"/>
</kw>
<kw name="Wait Until Element Is Visible" library="SeleniumLibrary">
<arg>${locator_search_status}</arg>
<doc>Waits until the element ``locator`` is visible.</doc>
<status status="PASS" starttime="20230606 23:06:32.889" endtime="20230606 23:06:33.935"/>
</kw>
<kw name="Wait Until Element Is Visible" library="SeleniumLibrary">
<arg>${locatorr_btn_search}</arg>
<doc>Waits until the element ``locator`` is visible.</doc>
<status status="PASS" starttime="20230606 23:06:33.936" endtime="20230606 23:06:34.976"/>
</kw>
<status status="PASS" starttime="20230606 23:06:21.377" endtime="20230606 23:06:34.977"/>
</kw>
<kw name="Select rows per page" library="keyword">
<kw name="Click Element" library="SeleniumLibrary">
<arg>${locatorr_btn_search}</arg>
<doc>Click the element identified by ``locator``.</doc>
<msg timestamp="20230606 23:06:34.980" level="INFO">Clicking element 'id=btn-search'.</msg>
<status status="PASS" starttime="20230606 23:06:34.978" endtime="20230606 23:06:36.074"/>
</kw>
<kw name="Wait Until Element Is Not Visible" library="SeleniumLibrary">
<arg>${locator_no_role}</arg>
<doc>Waits until the element ``locator`` is not visible.</doc>
<status status="PASS" starttime="20230606 23:06:36.074" endtime="20230606 23:06:37.114"/>
</kw>
<kw name="Click Element" library="SeleniumLibrary">
<arg>${locator_rows_per_page}</arg>
<doc>Click the element identified by ``locator``.</doc>
<msg timestamp="20230606 23:06:37.114" level="INFO">Clicking element 'xpath=//*[@id="__next"]/div[1]/div[2]/main/div/div[2]/div/div[2]/div[3]/div/div[2]/div/div[2]'.</msg>
<status status="PASS" starttime="20230606 23:06:37.114" endtime="20230606 23:06:38.193"/>
</kw>
<kw name="Wait Until Element Is Visible" library="SeleniumLibrary">
<arg>${locator_rows_per_page_list}</arg>
<doc>Waits until the element ``locator`` is visible.</doc>
<status status="PASS" starttime="20230606 23:06:38.193" endtime="20230606 23:06:39.234"/>
</kw>
<kw name="Click Element" library="SeleniumLibrary">
<arg>${locator_rows_per_page_list}</arg>
<doc>Click the element identified by ``locator``.</doc>
<msg timestamp="20230606 23:06:39.236" level="INFO">Clicking element 'xpath=//*[@id="menu-"]/div[3]/ul/li[3]'.</msg>
<status status="PASS" starttime="20230606 23:06:39.234" endtime="20230606 23:06:40.340"/>
</kw>
<status status="PASS" starttime="20230606 23:06:34.978" endtime="20230606 23:06:40.341"/>
</kw>
<kw name="Close Browser" library="SeleniumLibrary" type="TEARDOWN">
<doc>Closes the current browser.</doc>
<status status="PASS" starttime="20230606 23:06:40.341" endtime="20230606 23:06:40.905"/>
</kw>
<doc>กรณีต้องการแสดงข้อมูลมากกว่า 10 รายการในหน้าเดียวกัน</doc>
<tag>Pass</tag>
<status status="PASS" starttime="20230606 23:06:21.375" endtime="20230606 23:06:40.905"/>
</test>
<test id="s1-t6" name="TC-Add User" line="44">
<kw name="OpenWebBrowser" library="keyword" type="SETUP">
<kw name="Open Browser" library="SeleniumLibrary">
<arg>${url}</arg>
<arg>${browser}</arg>
<doc>Opens a new browser instance to the optional ``url``.</doc>
<msg timestamp="20230606 23:06:40.911" level="INFO">Opening browser 'gc' to base url 'https://automate-test.stpb-digital.com/login/'.</msg>
<msg timestamp="20230606 23:06:40.912" level="INFO">Applicable driver not found; attempting to install with Selenium Manager (Beta)</msg>
<status status="PASS" starttime="20230606 23:06:40.910" endtime="20230606 23:06:43.503"/>
</kw>
<kw name="Maximize Browser Window" library="SeleniumLibrary">
<doc>Maximizes current browser window.</doc>
<status status="PASS" starttime="20230606 23:06:43.504" endtime="20230606 23:06:44.416"/>
</kw>
<kw name="Wait Until Element Is Visible" library="SeleniumLibrary">
<arg>${locator_email}</arg>
<doc>Waits until the element ``locator`` is visible.</doc>
<status status="PASS" starttime="20230606 23:06:44.417" endtime="20230606 23:06:45.460"/>
</kw>
<kw name="Input Text" library="SeleniumLibrary">
<arg>${locator_email}</arg>
<arg>user.test@krupbeam.com</arg>
<doc>Types the given ``text`` into the text field identified by ``locator``.</doc>
<msg timestamp="20230606 23:06:45.462" level="INFO">Typing text 'user.test@krupbeam.com' into text field 'id=email'.</msg>
<status status="PASS" starttime="20230606 23:06:45.460" endtime="20230606 23:06:47.124"/>
</kw>
<kw name="Input Text" library="SeleniumLibrary">
<arg>${locator_password}</arg>
<arg>123456789</arg>
<doc>Types the given ``text`` into the text field identified by ``locator``.</doc>
<msg timestamp="20230606 23:06:47.126" level="INFO">Typing text '123456789' into text field 'name=password'.</msg>
<status status="PASS" starttime="20230606 23:06:47.124" endtime="20230606 23:06:48.735"/>
</kw>
<kw name="Click Element" library="SeleniumLibrary">
<arg>${locatot_btn_login}</arg>
<doc>Click the element identified by ``locator``.</doc>
<msg timestamp="20230606 23:06:48.736" level="INFO">Clicking element 'id=btn-login'.</msg>
<status status="PASS" starttime="20230606 23:06:48.735" endtime="20230606 23:06:49.819"/>
</kw>
<kw name="Wait Until Page Contains" library="SeleniumLibrary">
<arg>Search Filters</arg>
<doc>Waits until ``text`` appears on the current page.</doc>
<status status="PASS" starttime="20230606 23:06:49.819" endtime="20230606 23:06:50.370"/>
</kw>
<kw name="Wait Until Element Is Visible" library="SeleniumLibrary">
<arg>${locator_search_role}</arg>
<doc>Waits until the element ``locator`` is visible.</doc>
<status status="PASS" starttime="20230606 23:06:50.370" endtime="20230606 23:06:51.411"/>
</kw>
<kw name="Wait Until Element Is Visible" library="SeleniumLibrary">
<arg>${locator_search_plan}</arg>
<doc>Waits until the element ``locator`` is visible.</doc>
<status status="PASS" starttime="20230606 23:06:51.412" endtime="20230606 23:06:52.447"/>
</kw>
<kw name="Wait Until Element Is Visible" library="SeleniumLibrary">
<arg>${locator_search_status}</arg>
<doc>Waits until the element ``locator`` is visible.</doc>
<status status="PASS" starttime="20230606 23:06:52.448" endtime="20230606 23:06:53.477"/>
</kw>
<kw name="Wait Until Element Is Visible" library="SeleniumLibrary">
<arg>${locatorr_btn_search}</arg>
<doc>Waits until the element ``locator`` is visible.</doc>
<status status="PASS" starttime="20230606 23:06:53.477" endtime="20230606 23:06:54.509"/>
</kw>
<status status="PASS" starttime="20230606 23:06:40.909" endtime="20230606 23:06:54.510"/>
</kw>
<kw name="Add User" library="keyword">
<kw name="Click Element" library="SeleniumLibrary">
<arg>${locator_btn_add_user}</arg>
<doc>Click the element identified by ``locator``.</doc>
<msg timestamp="20230606 23:06:54.512" level="INFO">Clicking element 'xpath=//*[@id="__next"]/div[1]/div[2]/main/div/div[2]/div/div[1]/div/a'.</msg>
<status status="PASS" starttime="20230606 23:06:54.511" endtime="20230606 23:06:55.573"/>
</kw>
<kw name="Wait Until Page Contains" library="SeleniumLibrary">
<arg>Form User</arg>
<arg>5s</arg>
<doc>Waits until ``text`` appears on the current page.</doc>
<status status="PASS" starttime="20230606 23:06:55.573" endtime="20230606 23:06:56.085"/>
</kw>
<status status="PASS" starttime="20230606 23:06:54.510" endtime="20230606 23:06:56.085"/>
</kw>
<kw name="Close Browser" library="SeleniumLibrary" type="TEARDOWN">
<doc>Closes the current browser.</doc>
<status status="PASS" starttime="20230606 23:06:56.086" endtime="20230606 23:06:56.651"/>
</kw>
<doc>กรณีต้องการ add user</doc>
<tag>Pass</tag>
<status status="PASS" starttime="20230606 23:06:40.907" endtime="20230606 23:06:56.651"/>
</test>
<test id="s1-t7" name="TC-open data user" line="49">
<kw name="OpenWebBrowser" library="keyword" type="SETUP">
<kw name="Open Browser" library="SeleniumLibrary">
<arg>${url}</arg>
<arg>${browser}</arg>
<doc>Opens a new browser instance to the optional ``url``.</doc>
<msg timestamp="20230606 23:06:56.653" level="INFO">Opening browser 'gc' to base url 'https://automate-test.stpb-digital.com/login/'.</msg>
<msg timestamp="20230606 23:06:56.654" level="INFO">Applicable driver not found; attempting to install with Selenium Manager (Beta)</msg>
<status status="PASS" starttime="20230606 23:06:56.653" endtime="20230606 23:06:59.218"/>
</kw>
<kw name="Maximize Browser Window" library="SeleniumLibrary">
<doc>Maximizes current browser window.</doc>
<status status="PASS" starttime="20230606 23:06:59.218" endtime="20230606 23:07:00.133"/>
</kw>
<kw name="Wait Until Element Is Visible" library="SeleniumLibrary">
<arg>${locator_email}</arg>
<doc>Waits until the element ``locator`` is visible.</doc>
<status status="PASS" starttime="20230606 23:07:00.133" endtime="20230606 23:07:01.170"/>
</kw>
<kw name="Input Text" library="SeleniumLibrary">
<arg>${locator_email}</arg>
<arg>user.test@krupbeam.com</arg>
<doc>Types the given ``text`` into the text field identified by ``locator``.</doc>
<msg timestamp="20230606 23:07:01.173" level="INFO">Typing text 'user.test@krupbeam.com' into text field 'id=email'.</msg>
<status status="PASS" starttime="20230606 23:07:01.171" endtime="20230606 23:07:02.831"/>
</kw>
<kw name="Input Text" library="SeleniumLibrary">
<arg>${locator_password}</arg>
<arg>123456789</arg>
<doc>Types the given ``text`` into the text field identified by ``locator``.</doc>
<msg timestamp="20230606 23:07:02.833" level="INFO">Typing text '123456789' into text field 'name=password'.</msg>
<status status="PASS" starttime="20230606 23:07:02.832" endtime="20230606 23:07:04.436"/>
</kw>
<kw name="Click Element" library="SeleniumLibrary">
<arg>${locatot_btn_login}</arg>
<doc>Click the element identified by ``locator``.</doc>
<msg timestamp="20230606 23:07:04.438" level="INFO">Clicking element 'id=btn-login'.</msg>
<status status="PASS" starttime="20230606 23:07:04.437" endtime="20230606 23:07:05.526"/>
</kw>
<kw name="Wait Until Page Contains" library="SeleniumLibrary">
<arg>Search Filters</arg>
<doc>Waits until ``text`` appears on the current page.</doc>
<status status="PASS" starttime="20230606 23:07:05.526" endtime="20230606 23:07:06.096"/>
</kw>
<kw name="Wait Until Element Is Visible" library="SeleniumLibrary">
<arg>${locator_search_role}</arg>
<doc>Waits until the element ``locator`` is visible.</doc>
<status status="PASS" starttime="20230606 23:07:06.097" endtime="20230606 23:07:07.135"/>
</kw>
<kw name="Wait Until Element Is Visible" library="SeleniumLibrary">
<arg>${locator_search_plan}</arg>
<doc>Waits until the element ``locator`` is visible.</doc>
<status status="PASS" starttime="20230606 23:07:07.135" endtime="20230606 23:07:08.173"/>
</kw>
<kw name="Wait Until Element Is Visible" library="SeleniumLibrary">
<arg>${locator_search_status}</arg>
<doc>Waits until the element ``locator`` is visible.</doc>
<status status="PASS" starttime="20230606 23:07:08.174" endtime="20230606 23:07:09.213"/>
</kw>
<kw name="Wait Until Element Is Visible" library="SeleniumLibrary">
<arg>${locatorr_btn_search}</arg>
<doc>Waits until the element ``locator`` is visible.</doc>
<status status="PASS" starttime="20230606 23:07:09.213" endtime="20230606 23:07:10.246"/>
</kw>
<status status="PASS" starttime="20230606 23:06:56.653" endtime="20230606 23:07:10.247"/>
</kw>
<kw name="Open detail data" library="keyword">
<kw name="Click Element" library="SeleniumLibrary">
<arg>${locatorr_btn_search}</arg>
<doc>Click the element identified by ``locator``.</doc>
<msg timestamp="20230606 23:07:10.250" level="INFO">Clicking element 'id=btn-search'.</msg>
<status status="PASS" starttime="20230606 23:07:10.248" endtime="20230606 23:07:11.329"/>
</kw>
<kw name="Wait Until Element Is Not Visible" library="SeleniumLibrary">
<arg>${locator_no_role}</arg>
<doc>Waits until the element ``locator`` is not visible.</doc>
<status status="PASS" starttime="20230606 23:07:11.329" endtime="20230606 23:07:12.360"/>
</kw>
<kw name="Click Element" library="SeleniumLibrary">
<arg>${locator_profile_user}</arg>
<doc>Click the element identified by ``locator``.</doc>
<msg timestamp="20230606 23:07:12.362" level="INFO">Clicking element 'xpath=//*[@id="__next"]/div[1]/div[2]/main/div/div[2]/div/div[2]/div[2]/div[2]/div/div/div/div[1]/div[1]/div/div[1]'.</msg>
<status status="PASS" starttime="20230606 23:07:12.360" endtime="20230606 23:07:13.441"/>
</kw>
<kw name="Wait Until Page Contains" library="SeleniumLibrary">
<arg>Details</arg>
<arg>5s</arg>
<doc>Waits until ``text`` appears on the current page.</doc>
<status status="PASS" starttime="20230606 23:07:13.441" endtime="20230606 23:07:13.963"/>
</kw>
<status status="PASS" starttime="20230606 23:07:10.248" endtime="20230606 23:07:13.964"/>
</kw>
<kw name="Close Browser" library="SeleniumLibrary" type="TEARDOWN">
<doc>Closes the current browser.</doc>
<status status="PASS" starttime="20230606 23:07:13.965" endtime="20230606 23:07:14.531"/>
</kw>
<doc>กรณีต้องการดูรายละเอียดของ user</doc>
<tag>Pass</tag>
<status status="PASS" starttime="20230606 23:06:56.652" endtime="20230606 23:07:14.531"/>
</test>
<test id="s1-t8" name="TC-Notification" line="54">
<kw name="OpenWebBrowser" library="keyword" type="SETUP">
<kw name="Open Browser" library="SeleniumLibrary">
<arg>${url}</arg>
<arg>${browser}</arg>
<doc>Opens a new browser instance to the optional ``url``.</doc>
<msg timestamp="20230606 23:07:14.537" level="INFO">Opening browser 'gc' to base url 'https://automate-test.stpb-digital.com/login/'.</msg>
<msg timestamp="20230606 23:07:14.538" level="INFO">Applicable driver not found; attempting to install with Selenium Manager (Beta)</msg>
<status status="PASS" starttime="20230606 23:07:14.536" endtime="20230606 23:07:17.220"/>
</kw>
<kw name="Maximize Browser Window" library="SeleniumLibrary">
<doc>Maximizes current browser window.</doc>
<status status="PASS" starttime="20230606 23:07:17.221" endtime="20230606 23:07:17.840"/>
</kw>
<kw name="Wait Until Element Is Visible" library="SeleniumLibrary">
<arg>${locator_email}</arg>
<doc>Waits until the element ``locator`` is visible.</doc>
<status status="PASS" starttime="20230606 23:07:17.840" endtime="20230606 23:07:18.889"/>
</kw>
<kw name="Input Text" library="SeleniumLibrary">
<arg>${locator_email}</arg>
<arg>user.test@krupbeam.com</arg>
<doc>Types the given ``text`` into the text field identified by ``locator``.</doc>
<msg timestamp="20230606 23:07:18.890" level="INFO">Typing text 'user.test@krupbeam.com' into text field 'id=email'.</msg>
<status status="PASS" starttime="20230606 23:07:18.889" endtime="20230606 23:07:20.591"/>
</kw>
<kw name="Input Text" library="SeleniumLibrary">
<arg>${locator_password}</arg>
<arg>123456789</arg>
<doc>Types the given ``text`` into the text field identified by ``locator``.</doc>
<msg timestamp="20230606 23:07:20.593" level="INFO">Typing text '123456789' into text field 'name=password'.</msg>
<status status="PASS" starttime="20230606 23:07:20.591" endtime="20230606 23:07:22.222"/>
</kw>
<kw name="Click Element" library="SeleniumLibrary">
<arg>${locatot_btn_login}</arg>
<doc>Click the element identified by ``locator``.</doc>
<msg timestamp="20230606 23:07:22.225" level="INFO">Clicking element 'id=btn-login'.</msg>
<status status="PASS" starttime="20230606 23:07:22.223" endtime="20230606 23:07:23.323"/>
</kw>
<kw name="Wait Until Page Contains" library="SeleniumLibrary">
<arg>Search Filters</arg>
<doc>Waits until ``text`` appears on the current page.</doc>
<status status="PASS" starttime="20230606 23:07:23.324" endtime="20230606 23:07:23.842"/>
</kw>
<kw name="Wait Until Element Is Visible" library="SeleniumLibrary">
<arg>${locator_search_role}</arg>
<doc>Waits until the element ``locator`` is visible.</doc>
<status status="PASS" starttime="20230606 23:07:23.843" endtime="20230606 23:07:24.890"/>
</kw>
<kw name="Wait Until Element Is Visible" library="SeleniumLibrary">
<arg>${locator_search_plan}</arg>
<doc>Waits until the element ``locator`` is visible.</doc>
<status status="PASS" starttime="20230606 23:07:24.891" endtime="20230606 23:07:25.937"/>
</kw>
<kw name="Wait Until Element Is Visible" library="SeleniumLibrary">
<arg>${locator_search_status}</arg>
<doc>Waits until the element ``locator`` is visible.</doc>
<status status="PASS" starttime="20230606 23:07:25.938" endtime="20230606 23:07:26.976"/>
</kw>
<kw name="Wait Until Element Is Visible" library="SeleniumLibrary">
<arg>${locatorr_btn_search}</arg>
<doc>Waits until the element ``locator`` is visible.</doc>
<status status="PASS" starttime="20230606 23:07:26.976" endtime="20230606 23:07:28.015"/>
</kw>
<status status="PASS" starttime="20230606 23:07:14.535" endtime="20230606 23:07:28.016"/>
</kw>
<kw name="Notification" library="keyword">
<kw name="Click Element" library="SeleniumLibrary">
<arg>${locatoer_noti}</arg>
<doc>Click the element identified by ``locator``.</doc>
<msg timestamp="20230606 23:07:28.018" level="INFO">Clicking element 'xpath=//*[@id="__next"]/div[1]/div[2]/header/div/div/div[2]/button'.</msg>
<status status="PASS" starttime="20230606 23:07:28.017" endtime="20230606 23:07:29.108"/>
</kw>
<kw name="Wait Until Page Contains" library="SeleniumLibrary">
<arg>Notifications</arg>
<arg>5s</arg>
<doc>Waits until ``text`` appears on the current page.</doc>
<status status="PASS" starttime="20230606 23:07:29.108" endtime="20230606 23:07:29.622"/>
</kw>
<kw name="Click Element" library="SeleniumLibrary">
<arg>${locator_resd_noti}</arg>
<doc>Click the element identified by ``locator``.</doc>
<msg timestamp="20230606 23:07:29.622" level="INFO">Clicking element 'css=body &gt; div.MuiModal-root.MuiPopover-root.css-bdbmf5 &gt; div.MuiPaper-root.MuiPaper-elevation.MuiPaper-rounded.MuiPaper-elevation1.MuiMenu-paper.MuiPaper-root.MuiPaper-elevation.MuiPaper-rounded.MuiPaper-elevation8.MuiPopover-paper.css-1u9pw9f &gt; ul &gt; li.MuiMenuItem-root.MuiMenuItem-gutters.MuiButtonBase-root.css-1p3ebxb &gt; button'.</msg>
<status status="PASS" starttime="20230606 23:07:29.622" endtime="20230606 23:07:30.691"/>
</kw>
<status status="PASS" starttime="20230606 23:07:28.016" endtime="20230606 23:07:30.691"/>
</kw>
<kw name="Close Browser" library="SeleniumLibrary" type="TEARDOWN">
<doc>Closes the current browser.</doc>
<status status="PASS" starttime="20230606 23:07:30.692" endtime="20230606 23:07:31.256"/>
</kw>
<doc>กรณีต้องการดูรายการการแจ้งเตือน</doc>
<tag>Pass</tag>
<status status="PASS" starttime="20230606 23:07:14.532" endtime="20230606 23:07:31.256"/>
</test>
<test id="s1-t9" name="TC-Open profile" line="59">
<kw name="OpenWebBrowser" library="keyword" type="SETUP">
<kw name="Open Browser" library="SeleniumLibrary">
<arg>${url}</arg>
<arg>${browser}</arg>
<doc>Opens a new browser instance to the optional ``url``.</doc>
<msg timestamp="20230606 23:07:31.262" level="INFO">Opening browser 'gc' to base url 'https://automate-test.stpb-digital.com/login/'.</msg>
<msg timestamp="20230606 23:07:31.263" level="INFO">Applicable driver not found; attempting to install with Selenium Manager (Beta)</msg>
<status status="PASS" starttime="20230606 23:07:31.260" endtime="20230606 23:07:33.806"/>
</kw>
<kw name="Maximize Browser Window" library="SeleniumLibrary">
<doc>Maximizes current browser window.</doc>
<status status="PASS" starttime="20230606 23:07:33.806" endtime="20230606 23:07:34.719"/>
</kw>
<kw name="Wait Until Element Is Visible" library="SeleniumLibrary">
<arg>${locator_email}</arg>
<doc>Waits until the element ``locator`` is visible.</doc>
<status status="PASS" starttime="20230606 23:07:34.720" endtime="20230606 23:07:35.761"/>
</kw>
<kw name="Input Text" library="SeleniumLibrary">
<arg>${locator_email}</arg>
<arg>user.test@krupbeam.com</arg>
<doc>Types the given ``text`` into the text field identified by ``locator``.</doc>
<msg timestamp="20230606 23:07:35.763" level="INFO">Typing text 'user.test@krupbeam.com' into text field 'id=email'.</msg>
<status status="PASS" starttime="20230606 23:07:35.761" endtime="20230606 23:07:37.464"/>
</kw>
<kw name="Input Text" library="SeleniumLibrary">
<arg>${locator_password}</arg>
<arg>123456789</arg>
<doc>Types the given ``text`` into the text field identified by ``locator``.</doc>
<msg timestamp="20230606 23:07:37.466" level="INFO">Typing text '123456789' into text field 'name=password'.</msg>
<status status="PASS" starttime="20230606 23:07:37.464" endtime="20230606 23:07:39.066"/>
</kw>
<kw name="Click Element" library="SeleniumLibrary">
<arg>${locatot_btn_login}</arg>
<doc>Click the element identified by ``locator``.</doc>
<msg timestamp="20230606 23:07:39.068" level="INFO">Clicking element 'id=btn-login'.</msg>
<status status="PASS" starttime="20230606 23:07:39.066" endtime="20230606 23:07:40.164"/>
</kw>
<kw name="Wait Until Page Contains" library="SeleniumLibrary">
<arg>Search Filters</arg>
<doc>Waits until ``text`` appears on the current page.</doc>
<status status="PASS" starttime="20230606 23:07:40.165" endtime="20230606 23:07:40.677"/>
</kw>
<kw name="Wait Until Element Is Visible" library="SeleniumLibrary">
<arg>${locator_search_role}</arg>
<doc>Waits until the element ``locator`` is visible.</doc>
<status status="PASS" starttime="20230606 23:07:40.677" endtime="20230606 23:07:41.721"/>
</kw>
<kw name="Wait Until Element Is Visible" library="SeleniumLibrary">
<arg>${locator_search_plan}</arg>
<doc>Waits until the element ``locator`` is visible.</doc>
<status status="PASS" starttime="20230606 23:07:41.721" endtime="20230606 23:07:42.768"/>
</kw>
<kw name="Wait Until Element Is Visible" library="SeleniumLibrary">
<arg>${locator_search_status}</arg>
<doc>Waits until the element ``locator`` is visible.</doc>
<status status="PASS" starttime="20230606 23:07:42.769" endtime="20230606 23:07:43.810"/>
</kw>
<kw name="Wait Until Element Is Visible" library="SeleniumLibrary">
<arg>${locatorr_btn_search}</arg>
<doc>Waits until the element ``locator`` is visible.</doc>
<status status="PASS" starttime="20230606 23:07:43.811" endtime="20230606 23:07:44.867"/>
</kw>
<status status="PASS" starttime="20230606 23:07:31.259" endtime="20230606 23:07:44.868"/>
</kw>
<kw name="Profile" library="keyword">
<kw name="Click Element" library="SeleniumLibrary">
<arg>${locator_profile}</arg>
<doc>Click the element identified by ``locator``.</doc>
<msg timestamp="20230606 23:07:44.871" level="INFO">Clicking element 'xpath=//*[@id="__next"]/div[1]/div[2]/header/div/div/div[2]/span/div/img'.</msg>
<status status="PASS" starttime="20230606 23:07:44.869" endtime="20230606 23:07:45.934"/>
</kw>
<kw name="Wait Until Element Is Visible" library="SeleniumLibrary">
<arg>${locator_logout}</arg>
<doc>Waits until the element ``locator`` is visible.</doc>
<status status="PASS" starttime="20230606 23:07:45.934" endtime="20230606 23:07:46.962"/>
</kw>
<status status="PASS" starttime="20230606 23:07:44.869" endtime="20230606 23:07:46.962"/>
</kw>
<kw name="Close Browser" library="SeleniumLibrary" type="TEARDOWN">
<doc>Closes the current browser.</doc>
<status status="PASS" starttime="20230606 23:07:46.963" endtime="20230606 23:07:47.532"/>
</kw>
<doc>กรณีต้องการดูโปรไฟล์</doc>
<tag>Pass</tag>
<status status="PASS" starttime="20230606 23:07:31.257" endtime="20230606 23:07:47.532"/>
</test>
<test id="s1-t10" name="TC-Logout" line="64">
<kw name="OpenWebBrowser" library="keyword" type="SETUP">
<kw name="Open Browser" library="SeleniumLibrary">
<arg>${url}</arg>
<arg>${browser}</arg>
<doc>Opens a new browser instance to the optional ``url``.</doc>
<msg timestamp="20230606 23:07:47.536" level="INFO">Opening browser 'gc' to base url 'https://automate-test.stpb-digital.com/login/'.</msg>
<msg timestamp="20230606 23:07:47.537" level="INFO">Applicable driver not found; attempting to install with Selenium Manager (Beta)</msg>
<status status="PASS" starttime="20230606 23:07:47.535" endtime="20230606 23:07:50.214"/>
</kw>
<kw name="Maximize Browser Window" library="SeleniumLibrary">
<doc>Maximizes current browser window.</doc>
<status status="PASS" starttime="20230606 23:07:50.214" endtime="20230606 23:07:51.127"/>
</kw>
<kw name="Wait Until Element Is Visible" library="SeleniumLibrary">
<arg>${locator_email}</arg>
<doc>Waits until the element ``locator`` is visible.</doc>
<status status="PASS" starttime="20230606 23:07:51.127" endtime="20230606 23:07:52.180"/>
</kw>
<kw name="Input Text" library="SeleniumLibrary">
<arg>${locator_email}</arg>
<arg>user.test@krupbeam.com</arg>
<doc>Types the given ``text`` into the text field identified by ``locator``.</doc>
<msg timestamp="20230606 23:07:52.182" level="INFO">Typing text 'user.test@krupbeam.com' into text field 'id=email'.</msg>
<status status="PASS" starttime="20230606 23:07:52.181" endtime="20230606 23:07:53.883"/>
</kw>
<kw name="Input Text" library="SeleniumLibrary">
<arg>${locator_password}</arg>
<arg>123456789</arg>
<doc>Types the given ``text`` into the text field identified by ``locator``.</doc>
<msg timestamp="20230606 23:07:53.884" level="INFO">Typing text '123456789' into text field 'name=password'.</msg>
<status status="PASS" starttime="20230606 23:07:53.883" endtime="20230606 23:07:55.502"/>
</kw>
<kw name="Click Element" library="SeleniumLibrary">
<arg>${locatot_btn_login}</arg>
<doc>Click the element identified by ``locator``.</doc>
<msg timestamp="20230606 23:07:55.504" level="INFO">Clicking element 'id=btn-login'.</msg>
<status status="PASS" starttime="20230606 23:07:55.503" endtime="20230606 23:07:56.610"/>
</kw>
<kw name="Wait Until Page Contains" library="SeleniumLibrary">
<arg>Search Filters</arg>
<doc>Waits until ``text`` appears on the current page.</doc>
<status status="PASS" starttime="20230606 23:07:56.611" endtime="20230606 23:07:57.124"/>
</kw>
<kw name="Wait Until Element Is Visible" library="SeleniumLibrary">
<arg>${locator_search_role}</arg>
<doc>Waits until the element ``locator`` is visible.</doc>
<status status="PASS" starttime="20230606 23:07:57.125" endtime="20230606 23:07:58.166"/>
</kw>
<kw name="Wait Until Element Is Visible" library="SeleniumLibrary">
<arg>${locator_search_plan}</arg>
<doc>Waits until the element ``locator`` is visible.</doc>
<status status="PASS" starttime="20230606 23:07:58.167" endtime="20230606 23:07:59.206"/>
</kw>
<kw name="Wait Until Element Is Visible" library="SeleniumLibrary">
<arg>${locator_search_status}</arg>
<doc>Waits until the element ``locator`` is visible.</doc>
<status status="PASS" starttime="20230606 23:07:59.207" endtime="20230606 23:08:00.253"/>
</kw>
<kw name="Wait Until Element Is Visible" library="SeleniumLibrary">
<arg>${locatorr_btn_search}</arg>
<doc>Waits until the element ``locator`` is visible.</doc>
<status status="PASS" starttime="20230606 23:08:00.253" endtime="20230606 23:08:01.301"/>
</kw>
<status status="PASS" starttime="20230606 23:07:47.535" endtime="20230606 23:08:01.301"/>
</kw>
<kw name="Logout" library="keyword">
<kw name="Click Element" library="SeleniumLibrary">
<arg>${locator_profile}</arg>
<doc>Click the element identified by ``locator``.</doc>
<msg timestamp="20230606 23:08:01.303" level="INFO">Clicking element 'xpath=//*[@id="__next"]/div[1]/div[2]/header/div/div/div[2]/span/div/img'.</msg>
<status status="PASS" starttime="20230606 23:08:01.302" endtime="20230606 23:08:02.382"/>
</kw>
<kw name="Wait Until Element Is Visible" library="SeleniumLibrary">
<arg>${locator_logout}</arg>
<doc>Waits until the element ``locator`` is visible.</doc>
<status status="PASS" starttime="20230606 23:08:02.383" endtime="20230606 23:08:03.417"/>
</kw>
<kw name="Click Element" library="SeleniumLibrary">
<arg>${locator_logout}</arg>
<doc>Click the element identified by ``locator``.</doc>
<msg timestamp="20230606 23:08:03.419" level="INFO">Clicking element 'css=body &gt; div.MuiModal-root.MuiPopover-root.MuiMenu-root.css-hxcdyb &gt; div.MuiPaper-root.MuiPaper-elevation.MuiPaper-rounded.MuiPaper-elevation1.MuiMenu-paper.MuiPaper-root.MuiPaper-elevation.MuiPaper-rounded.MuiPaper-elevation8.MuiPopover-paper.css-1u9pw9f &gt; ul &gt; li'.</msg>
<status status="PASS" starttime="20230606 23:08:03.418" endtime="20230606 23:08:04.488"/>
</kw>
<kw name="Wait Until Page Contains" library="SeleniumLibrary">
<arg>Welcome to Kru P' Beam</arg>
<arg>5s</arg>
<doc>Waits until ``text`` appears on the current page.</doc>
<status status="PASS" starttime="20230606 23:08:04.488" endtime="20230606 23:08:05.011"/>
</kw>
<status status="PASS" starttime="20230606 23:08:01.302" endtime="20230606 23:08:05.011"/>
</kw>
<kw name="Close Browser" library="SeleniumLibrary" type="TEARDOWN">
<doc>Closes the current browser.</doc>
<status status="PASS" starttime="20230606 23:08:05.012" endtime="20230606 23:08:05.582"/>
</kw>
<doc>กรณีต้องการออกจะระบบ</doc>
<tag>Pass</tag>
<status status="PASS" starttime="20230606 23:07:47.533" endtime="20230606 23:08:05.583"/>
</test>
<kw name="Close All Browsers" library="SeleniumLibrary" type="TEARDOWN">
<doc>Closes all open browsers and resets the browser cache.</doc>
<status status="PASS" starttime="20230606 23:08:05.585" endtime="20230606 23:08:05.586"/>
</kw>
<status status="PASS" starttime="20230606 23:02:52.592" endtime="20230606 23:08:05.586"/>
</suite>
<statistics>
<total>
<stat pass="10" fail="0" skip="0">All Tests</stat>
</total>
<tag>
<stat pass="1" fail="0" skip="0">Data</stat>
<stat pass="1" fail="0" skip="0">Empty</stat>
<stat pass="9" fail="0" skip="0">Pass</stat>
</tag>
<suite>
<stat pass="10" fail="0" skip="0" id="s1" name="Search">Search</stat>
</suite>
</statistics>
<errors>
</errors>
</robot>
