<?xml version="1.0" encoding="UTF-8"?>
<robot generator="Robot 6.0.2 (Python 3.11.3 on darwin)" generated="20230604 14:47:17.487" rpa="false" schemaversion="3">
<suite id="s1" name="Login" source="/Users/livinginsider/Automate/login/login.robot">
<test id="s1-t1" name="Verify login pass" line="6">
<kw name="Opne web browser" library="loginKeyword">
<kw name="Open Browser" library="SeleniumLibrary">
<arg>${url}</arg>
<arg>${browser}</arg>
<doc>Opens a new browser instance to the optional ``url``.</doc>
<msg timestamp="20230604 14:47:17.541" level="INFO">Opening browser 'gc' to base url 'https://www.saucedemo.com/'.</msg>
<msg timestamp="20230604 14:47:17.542" level="INFO">Applicable driver not found; attempting to install with Selenium Manager (Beta)</msg>
<status status="PASS" starttime="20230604 14:47:17.541" endtime="20230604 14:47:19.582"/>
</kw>
<kw name="Maximize Browser Window" library="SeleniumLibrary">
<doc>Maximizes current browser window.</doc>
<status status="PASS" starttime="20230604 14:47:19.582" endtime="20230604 14:47:19.987"/>
</kw>
<kw name="Wait Until Element Is Visible" library="SeleniumLibrary">
<arg>${locatoe_user}</arg>
<doc>Waits until the element ``locator`` is visible.</doc>
<status status="PASS" starttime="20230604 14:47:19.987" endtime="20230604 14:47:20.001"/>
</kw>
<status status="PASS" starttime="20230604 14:47:17.541" endtime="20230604 14:47:20.001"/>
</kw>
<kw name="Input username and password" library="loginKeyword">
<kw name="Wait Until Element Is Visible" library="SeleniumLibrary">
<arg>${locatoe_user}</arg>
<doc>Waits until the element ``locator`` is visible.</doc>
<status status="PASS" starttime="20230604 14:47:20.001" endtime="20230604 14:47:20.011"/>
</kw>
<kw name="Wait Until Element Is Visible" library="SeleniumLibrary">
<arg>${locator_password}</arg>
<doc>Waits until the element ``locator`` is visible.</doc>
<status status="PASS" starttime="20230604 14:47:20.011" endtime="20230604 14:47:20.018"/>
</kw>
<kw name="Input Text" library="SeleniumLibrary">
<arg>${locatoe_user}</arg>
<arg>standard_user</arg>
<doc>Types the given ``text`` into the text field identified by ``locator``.</doc>
<msg timestamp="20230604 14:47:20.019" level="INFO">Typing text 'standard_user' into text field 'id=user-name'.</msg>
<status status="PASS" starttime="20230604 14:47:20.018" endtime="20230604 14:47:20.124"/>
</kw>
<kw name="Input Text" library="SeleniumLibrary">
<arg>${locator_password}</arg>
<arg>secret_sauce</arg>
<doc>Types the given ``text`` into the text field identified by ``locator``.</doc>
<msg timestamp="20230604 14:47:20.124" level="INFO">Typing text 'secret_sauce' into text field 'id=password'.</msg>
<status status="PASS" starttime="20230604 14:47:20.124" endtime="20230604 14:47:20.158"/>
</kw>
<kw name="Click Element" library="SeleniumLibrary">
<arg>${locatot_btn_login}</arg>
<doc>Click the element identified by ``locator``.</doc>
<msg timestamp="20230604 14:47:20.158" level="INFO">Clicking element 'id=login-button'.</msg>
<status status="PASS" starttime="20230604 14:47:20.158" endtime="20230604 14:47:20.199"/>
</kw>
<kw name="Wait Until Page Contains" library="SeleniumLibrary">
<arg>Products</arg>
<doc>Waits until ``text`` appears on the current page.</doc>
<status status="PASS" starttime="20230604 14:47:20.199" endtime="20230604 14:47:20.205"/>
</kw>
<status status="PASS" starttime="20230604 14:47:20.001" endtime="20230604 14:47:20.206"/>
</kw>
<status status="PASS" starttime="20230604 14:47:17.541" endtime="20230604 14:47:20.206"/>
</test>
<status status="PASS" starttime="20230604 14:47:17.488" endtime="20230604 14:47:20.206"/>
</suite>
<statistics>
<total>
<stat pass="1" fail="0" skip="0">All Tests</stat>
</total>
<tag>
</tag>
<suite>
<stat pass="1" fail="0" skip="0" id="s1" name="Login">Login</stat>
</suite>
</statistics>
<errors>
</errors>
</robot>
